getting variable names...
getting functional features...
getting library features...
getting whitespace features...
Backspe_fractile.c
returning...
Backspe_last.c
returning...
Backspe_perp.c
returning...
caf_slide.c
returning...
dooglius_bff.c
returning...
dooglius_coin.c
returning...
stubbscroll_last.c
returning...
stubbscroll_perp.c
returning...
stubbscroll_rank.c
returning...
alsoba_last.c
returning...
alsoba_perp.c
returning...
alsoba_rank.c
returning...
sgtlaugh_sheep.c
returning...
sgtlaugh_teach.c
returning...
sgtlaugh_tech.c
returning...
stubbscroll_red.c
returning...
stubbscroll_revenge.c
returning...
stubbscroll_sheep.c
returning...
TinyNight_dig.c
returning...
TinyNight_fractile.c
returning...
TinyNight_last.c
returning...
Backspe_rank.c
returning...
Backspe_red.c
returning...
Backspe_revenge.c
returning...
dooglius_revenge.c
returning...
dooglius_sheep.c
returning...
Sempr_bff.c
returning...
Sempr_last.c
returning...
Sempr_rank.c
returning...
Sempr_red.c
returning...
Sempr_revenge.c
returning...
Sempr_sheep.c
returning...
sgtlaugh_clos.c
returning...
stubbscroll_fractile.c
returning...
stubbscroll_free.c
returning...
stubbscroll_gard.c
returning...
Tjandra_bff.c
returning...
Tjandra_dig.c
returning...
Tjandra_fash.c
returning...
Tjandra_revenge.c
returning...
Tjandra_sen.c
returning...
Tjandra_sheep.c
returning...
Tjandra_sli.c
returning...
Yao_coin.c
returning...
Yao_fractile.c
returning...
Yao_last.c
returning...
Yao_perp.c
returning...
Yao_rank.c
returning...
Backspe_clos.c
returning...
Backspe_coin.c
returning...
Backspe_dig.c
returning...
sgtlaugh_last.c
returning...
sgtlaugh_reb.c
returning...
sgtlaugh_revenge.c
returning...
TinyNight_rank.c
returning...
TinyNight_revenge.c
returning...
TinyNight_sheep.c
returning...
caf_fractile.c
returning...
caf_last.c
returning...
caf_rank.c
returning...
caf_revenge.c
returning...
caf_sen.c
returning...
caf_sheep.c
returning...
dooglius_dig.c
returning...
dooglius_last.c
returning...
dooglius_rank.c
returning...
alsoba_coin.c
returning...
alsoba_dig.c
returning...
alsoba_fractile.c
returning...
Sempr_coin.c
returning...
Sempr_fractile.c
returning...
Sempr_free.c
returning...
stubbscroll_bff.c
returning...
stubbscroll_clos.c
returning...
stubbscroll_dig.c
returning...
Tjandra_fractile.c
returning...
Tjandra_last.c
returning...
Tjandra_perp.c
returning...
Yao_revenge.c
returning...
Yao_sheep.c
returning...
[[ 0.00881607 -0.61735451  1.40032247 ..., -0.21263311 -0.29530286
  -0.44459931]
 [ 2.1268925   1.92315388  0.84840636 ..., -0.21263311 -0.29530286
  -0.44459931]
 [-0.07873193  0.62943224 -0.17747464 ..., -0.21263311 -0.29530286
  -0.44459931]
 ..., 
 [-0.56151205 -0.59508908 -0.64255101 ..., -0.21263311  1.16625939
  -0.44459931]
 [-0.65407028 -0.40495719 -0.61263148 ..., -0.21263311  5.55094614
  -0.44459931]
 [-0.43814633 -0.57888525 -0.62806839 ..., -0.21263311 -0.29530286
  -0.44459931]]
same: 391
prediction:
[0, 0, 1, 0, 0, 1, 1, 1, 1, 0, 1, 0, 0, 0, 1, 0, 0, 0, 1, 1, 0, 1, 0, 0, 1, 1, 1, 0, 0, 0, 0, 1, 0, 0, 1, 1, 1, 1, 0, 0, 0, 1, 0, 0, 0, 0, 0, 1, 1, 1, 1, 1, 0, 1, 1, 0, 0, 0, 0, 1, 1, 1, 0, 1, 0, 0, 1, 1, 0, 0, 1, 1, 1, 1, 1, 1, 0, 1, 0, 1, 1, 1, 1, 0, 0, 1, 1, 1, 0, 1, 0, 0, 0, 1, 1, 1, 1, 1, 1, 1, 1, 0, 1, 1, 0, 0, 0, 1, 0, 0, 1, 1, 0, 0, 1, 1, 0, 0, 1, 0, 0, 0, 0, 1, 0, 1, 1, 1, 0, 1, 0, 0, 1, 1, 0, 1, 0, 0, 1, 0, 1, 1, 1, 1, 0, 1, 0, 0, 1, 1, 1, 0, 1, 1, 0, 0, 0, 1, 0, 0, 0, 0, 0, 0, 1, 0, 1, 1, 0, 0, 1, 1, 0, 1, 1, 1, 0, 0, 0, 1, 0, 0, 1, 1, 0, 0, 1, 1, 1, 1, 0, 0, 0, 1, 0, 0]
actual:
[0 0 1 0 0 1 1 1 1 0 1 0 0 0 1 1 0 0 1 1 1 1 0 0 1 1 0 0 0 0 0 1 0 0 1 1 1
 1 0 0 0 0 1 0 1 1 1 1 1 1 1 1 0 1 1 0 0 0 0 1 1 1 0 1 0 0 1 1 0 0 1 1 1 1
 1 1 1 1 0 1 1 1 1 0 0 1 1 1 0 1 0 0 0 1 1 1 1 1 1 1 1 0 1 0 0 0 0 1 0 0 0
 0 1 0 1 1 0 0 1 0 0 0 0 1 0 1 1 1 0 1 0 0 1 1 0 1 0 0 1 0 1 1 1 0 1 1 0 0
 1 1 1 0 1 1 0 0 0 1 0 0 0 0 0 0 1 1 1 1 0 1 1 1 1 1 1 1 0 0 0 1 1 0 0 1 0
 0 1 1 1 1 0 0 0 1 0 0]
accuracy: 0.897959183673
[  1.71798372e-02   3.18552752e-02   1.36744878e-01   2.45449653e-02
   6.33315530e-03   5.73065259e-02   4.24834381e-02   2.85094242e-02
   1.72427251e-02   9.68324439e-03   0.00000000e+00   5.85516949e-04
   0.00000000e+00   1.51669545e-02   4.86804559e-03   0.00000000e+00
   0.00000000e+00   0.00000000e+00   0.00000000e+00   0.00000000e+00
   0.00000000e+00   0.00000000e+00   0.00000000e+00   0.00000000e+00
   0.00000000e+00   5.68834840e-05   3.48807520e-03   0.00000000e+00
   0.00000000e+00   2.31534284e-03   0.00000000e+00   1.45319512e-04
   0.00000000e+00   9.20656591e-04   0.00000000e+00   0.00000000e+00
   0.00000000e+00   8.16625716e-04   0.00000000e+00   0.00000000e+00
   0.00000000e+00   0.00000000e+00   6.19734813e-04   0.00000000e+00
   2.38556562e-03   0.00000000e+00   5.85762766e-04   0.00000000e+00
   2.71110160e-03   0.00000000e+00   0.00000000e+00   0.00000000e+00
   0.00000000e+00   2.15906717e-03   0.00000000e+00   0.00000000e+00
   0.00000000e+00   1.46271816e-05   0.00000000e+00   3.01865758e-03
   0.00000000e+00   0.00000000e+00   4.55402071e-04   9.70467924e-05
   0.00000000e+00   0.00000000e+00   0.00000000e+00   0.00000000e+00
   0.00000000e+00   0.00000000e+00   0.00000000e+00   2.48918127e-03
   7.33622991e-04   3.08648324e-04   0.00000000e+00   2.18097915e-03
   2.65264936e-04   0.00000000e+00   0.00000000e+00   0.00000000e+00
   0.00000000e+00   0.00000000e+00   9.20710149e-04   0.00000000e+00
   0.00000000e+00   1.61260571e-02   0.00000000e+00   1.34390168e-02
   0.00000000e+00   2.05751796e-04   3.64393869e-04   0.00000000e+00
   0.00000000e+00   6.31790063e-04   0.00000000e+00   0.00000000e+00
   0.00000000e+00   0.00000000e+00   0.00000000e+00   8.36967167e-04
   0.00000000e+00   2.27382896e-04   0.00000000e+00   0.00000000e+00
   0.00000000e+00   0.00000000e+00   0.00000000e+00   0.00000000e+00
   1.84746485e-02   0.00000000e+00   1.48756365e-03   1.17218216e-03
   0.00000000e+00   4.55402071e-04   0.00000000e+00   1.39912684e-06
   0.00000000e+00   0.00000000e+00   0.00000000e+00   0.00000000e+00
   0.00000000e+00   0.00000000e+00   1.48915567e-03   5.41360106e-03
   0.00000000e+00   0.00000000e+00   0.00000000e+00   2.27210263e-03
   1.88232893e-03   3.41551553e-04   0.00000000e+00   0.00000000e+00
   3.07170814e-04   6.14398882e-04   0.00000000e+00   1.20606389e-03
   0.00000000e+00   2.09468128e-03   0.00000000e+00   3.26417297e-05
   2.16065800e-03   0.00000000e+00   0.00000000e+00   1.33728335e-03
   0.00000000e+00   0.00000000e+00   1.91840389e-02   0.00000000e+00
   0.00000000e+00   0.00000000e+00   1.50567162e-03   0.00000000e+00
   0.00000000e+00   1.21491537e-03   3.59557391e-04   0.00000000e+00
   1.03986471e-02   1.39925765e-03   0.00000000e+00   0.00000000e+00
   0.00000000e+00   4.68143494e-03   3.51302133e-03   6.07323115e-04
   0.00000000e+00   0.00000000e+00   0.00000000e+00   0.00000000e+00
   0.00000000e+00   0.00000000e+00   0.00000000e+00   0.00000000e+00
   2.93999558e-03   0.00000000e+00   0.00000000e+00   0.00000000e+00
   0.00000000e+00   4.87288132e-03   0.00000000e+00   0.00000000e+00
   1.12311947e-02   2.58807802e-03   9.11617476e-04   5.56481694e-04
   6.83103107e-04   0.00000000e+00   0.00000000e+00   0.00000000e+00
   1.07788347e-03   0.00000000e+00   0.00000000e+00   0.00000000e+00
   1.50846406e-03   1.43784955e-04   0.00000000e+00   1.19319295e-03
   9.20919783e-04   0.00000000e+00   1.34841723e-03   0.00000000e+00
   0.00000000e+00   0.00000000e+00   1.46221196e-02   0.00000000e+00
   0.00000000e+00   1.41340908e-04   0.00000000e+00   0.00000000e+00
   0.00000000e+00   0.00000000e+00   0.00000000e+00   0.00000000e+00
   0.00000000e+00   0.00000000e+00   0.00000000e+00   1.22980979e-04
   1.99800264e-04   1.54628408e-03   0.00000000e+00   1.43308576e-02
   7.00618571e-06   0.00000000e+00   8.40550921e-03   4.06608992e-04
   3.10158491e-04   0.00000000e+00   1.51048030e-03   1.51407435e-03
   0.00000000e+00   0.00000000e+00   0.00000000e+00   0.00000000e+00
   0.00000000e+00   1.06437737e-03   0.00000000e+00   5.36039969e-03
   4.64285274e-03   0.00000000e+00   1.66619044e-03   0.00000000e+00
   0.00000000e+00   0.00000000e+00   0.00000000e+00   0.00000000e+00
   0.00000000e+00   0.00000000e+00   0.00000000e+00   0.00000000e+00
   0.00000000e+00   7.65003425e-03   3.07645568e-03   0.00000000e+00
   1.22406486e-03   5.69252589e-04   0.00000000e+00   0.00000000e+00
   0.00000000e+00   6.09312288e-04   3.90942619e-03   2.08122361e-03
   1.95254255e-04   7.56876019e-04   0.00000000e+00   0.00000000e+00
   1.27724499e-03   0.00000000e+00   0.00000000e+00   0.00000000e+00
   1.31767426e-03   0.00000000e+00   0.00000000e+00   0.00000000e+00
   5.42208536e-03   0.00000000e+00   0.00000000e+00   5.97276582e-04
   0.00000000e+00   0.00000000e+00   0.00000000e+00   0.00000000e+00
   0.00000000e+00   2.27796631e-04   6.03410423e-04   7.04507012e-03
   0.00000000e+00   0.00000000e+00   4.55110283e-04   0.00000000e+00
   0.00000000e+00   1.23909776e-03   0.00000000e+00   5.12327330e-04
   0.00000000e+00   0.00000000e+00   4.55067872e-04   2.04799627e-04
   0.00000000e+00   0.00000000e+00   0.00000000e+00   5.75416702e-03
   1.14246054e-04   2.21618920e-04   0.00000000e+00   2.44530721e-03
   0.00000000e+00   0.00000000e+00   0.00000000e+00   0.00000000e+00
   0.00000000e+00   0.00000000e+00   1.10414526e-03   0.00000000e+00
   0.00000000e+00   9.50628632e-04   0.00000000e+00   0.00000000e+00
   0.00000000e+00   0.00000000e+00   0.00000000e+00   0.00000000e+00
   0.00000000e+00   0.00000000e+00   0.00000000e+00   0.00000000e+00
   0.00000000e+00   0.00000000e+00   0.00000000e+00   0.00000000e+00
   1.72303524e-03   0.00000000e+00   1.50488376e-03   0.00000000e+00
   1.22750171e-04   2.07616031e-02   0.00000000e+00   7.16796407e-03
   0.00000000e+00   0.00000000e+00   1.05672876e-02   0.00000000e+00
   8.57739901e-04   0.00000000e+00   8.91107814e-04   1.52843705e-03
   0.00000000e+00   0.00000000e+00   1.06103055e-03   6.37106684e-04
   1.59109071e-02   0.00000000e+00   0.00000000e+00   0.00000000e+00
   6.23314676e-04   0.00000000e+00   0.00000000e+00   0.00000000e+00
   1.73954954e-03   1.15517229e-03   1.94346314e-03   8.12903816e-03
   1.21993233e-03   0.00000000e+00   0.00000000e+00   9.10220565e-04
   0.00000000e+00   7.14368153e-04   0.00000000e+00   0.00000000e+00
   0.00000000e+00   0.00000000e+00   5.00375414e-04   0.00000000e+00
   3.49881145e-03   1.09845586e-03   0.00000000e+00   2.16068402e-03
   0.00000000e+00   5.97276582e-04   0.00000000e+00   1.28079221e-02
   1.10614373e-03   0.00000000e+00   0.00000000e+00   0.00000000e+00
   0.00000000e+00   8.20067873e-04   0.00000000e+00   0.00000000e+00
   0.00000000e+00   0.00000000e+00   9.08231635e-04   0.00000000e+00
   0.00000000e+00   7.73369222e-04   4.55402071e-04   0.00000000e+00
   5.06953744e-04   0.00000000e+00   1.63839702e-03   5.12327330e-04
   0.00000000e+00   1.48956868e-02   1.22082329e-03   2.81322033e-03
   0.00000000e+00   8.20575361e-03   8.22024586e-03   6.29860850e-03
   4.17255113e-02   8.93179401e-03   6.47642283e-03   4.61895225e-03
   1.01301337e-02   5.46711915e-04   4.80066273e-03   7.62107753e-04
   2.71507478e-03   1.06997612e-02   4.33874532e-02   5.06523861e-03
   8.71857177e-04   0.00000000e+00   1.09627640e-03   0.00000000e+00
   9.99960692e-04   0.00000000e+00   0.00000000e+00   0.00000000e+00
   0.00000000e+00   0.00000000e+00   0.00000000e+00   0.00000000e+00
   0.00000000e+00   8.37738582e-04   5.68887853e-04   2.27796631e-05
   0.00000000e+00   0.00000000e+00   4.01123870e-03   6.06757163e-04
   0.00000000e+00   3.41332712e-04   1.76577591e-03   5.25845126e-04
   0.00000000e+00   0.00000000e+00   0.00000000e+00   1.06629650e-03
   0.00000000e+00   0.00000000e+00   0.00000000e+00   1.51975473e-03
   0.00000000e+00   0.00000000e+00   0.00000000e+00   2.96789554e-03
   1.04987429e-04   2.11988139e-05   0.00000000e+00   1.13814877e-03
   1.53916460e-03   1.09285573e-03   0.00000000e+00   8.21794108e-04
   0.00000000e+00   3.14750631e-03   8.59299135e-05   0.00000000e+00
   0.00000000e+00   0.00000000e+00   0.00000000e+00   5.11870812e-03
   0.00000000e+00   1.65033766e-03   0.00000000e+00   0.00000000e+00
   1.07691091e-03   1.45412786e-03   0.00000000e+00   1.17491436e-03
   0.00000000e+00   0.00000000e+00   0.00000000e+00   0.00000000e+00
   0.00000000e+00   5.82717490e-03]
precision: 0.865979381443
recall: 0.923076923077
fscore: 0.893617021277
