getting variable names...
getting functional features...
getting library features...
getting whitespace features...
Backspe_clos.c
returning...
Backspe_coin.c
returning...
Backspe_dig.c
returning...
sgtlaugh_last.c
returning...
sgtlaugh_reb.c
returning...
sgtlaugh_revenge.c
returning...
TinyNight_rank.c
returning...
TinyNight_revenge.c
returning...
TinyNight_sheep.c
returning...
alsoba_last.c
returning...
alsoba_perp.c
returning...
alsoba_rank.c
returning...
sgtlaugh_sheep.c
returning...
sgtlaugh_teach.c
returning...
sgtlaugh_tech.c
returning...
stubbscroll_red.c
returning...
stubbscroll_revenge.c
returning...
stubbscroll_sheep.c
returning...
TinyNight_dig.c
returning...
TinyNight_fractile.c
returning...
TinyNight_last.c
returning...
caf_fractile.c
returning...
caf_last.c
returning...
caf_rank.c
returning...
caf_revenge.c
returning...
caf_sen.c
returning...
caf_sheep.c
returning...
dooglius_dig.c
returning...
dooglius_last.c
returning...
dooglius_rank.c
returning...
alsoba_revenge.c
returning...
alsoba_sheep.c
returning...
alsoba_tech.c
returning...
sgtlaugh_coin.c
returning...
sgtlaugh_dig.c
returning...
sgtlaugh_fractile.c
returning...
stubbscroll_tech.c
returning...
TinyNight_bff.c
returning...
TinyNight_coin.c
returning...
Backspe_rank.c
returning...
Backspe_red.c
returning...
Backspe_revenge.c
returning...
dooglius_revenge.c
returning...
dooglius_sheep.c
returning...
Sempr_bff.c
returning...
Sempr_last.c
returning...
Sempr_rank.c
returning...
Sempr_red.c
returning...
Sempr_revenge.c
returning...
Sempr_sheep.c
returning...
sgtlaugh_clos.c
returning...
stubbscroll_fractile.c
returning...
stubbscroll_free.c
returning...
stubbscroll_gard.c
returning...
Tjandra_bff.c
returning...
Tjandra_dig.c
returning...
Tjandra_fash.c
returning...
Tjandra_revenge.c
returning...
Tjandra_sen.c
returning...
Tjandra_sheep.c
returning...
Tjandra_sli.c
returning...
Yao_coin.c
returning...
Yao_fractile.c
returning...
Yao_last.c
returning...
Yao_perp.c
returning...
Yao_rank.c
returning...
Backspe_fractile.c
returning...
Backspe_last.c
returning...
Backspe_perp.c
returning...
caf_slide.c
returning...
dooglius_bff.c
returning...
dooglius_coin.c
returning...
stubbscroll_last.c
returning...
stubbscroll_perp.c
returning...
stubbscroll_rank.c
returning...
alsoba_coin.c
returning...
alsoba_dig.c
returning...
alsoba_fractile.c
returning...
Sempr_coin.c
returning...
Sempr_fractile.c
returning...
Sempr_free.c
returning...
stubbscroll_bff.c
returning...
stubbscroll_clos.c
returning...
stubbscroll_dig.c
returning...
Tjandra_fractile.c
returning...
Tjandra_last.c
returning...
Tjandra_perp.c
returning...
Yao_revenge.c
returning...
Yao_sheep.c
returning...
[[-0.15596626 -0.00946961 -0.09903937 ..., -0.21377235 -0.25581426
  -0.46484544]
 [ 0.1478387   1.73356287  0.66085397 ..., -0.21377235 -0.25581426
  -0.46484544]
 [ 0.48594468  1.5826354   0.65390078 ..., -0.21377235  1.45398701
  -0.46484544]
 ..., 
 [-0.33048054 -0.56660613 -0.53840606 ..., -0.21377235 -0.25581426
  -0.46484544]
 [-0.46784024 -0.18451964  1.4100383  ..., -0.21377235 -0.25581426
  -0.46484544]
 [-0.6356252  -0.63866893 -0.64066173 ..., -0.21377235 -0.25581426
  -0.46484544]]
same: 391
prediction:
[0, 0, 0, 0, 0, 0, 0, 1, 0, 1, 0, 1, 1, 0, 1, 1, 0, 0, 0, 1, 1, 1, 0, 0, 0, 1, 1, 1, 0, 0, 1, 0, 0, 1, 0, 0, 1, 1, 0, 0, 0, 0, 0, 0, 0, 1, 0, 0, 0, 0, 1, 1, 1, 0, 0, 1, 0, 1, 1, 0, 0, 1, 1, 1, 0, 0, 1, 1, 1, 0, 1, 1, 0, 1, 1, 1, 1, 0, 1, 1, 1, 1, 0, 1, 1, 1, 1, 0, 0, 0, 0, 0, 1, 1, 1, 1, 1, 0, 0, 0, 0, 1, 1, 1, 1, 1, 1, 0, 1, 1, 0, 1, 0, 0, 0, 0, 1, 1, 1, 1, 1, 0, 0, 0, 0, 1, 1, 1, 1, 0, 0, 1, 0, 1, 1, 1, 0, 0, 0, 1, 1, 0, 0, 1, 0, 0, 1, 0, 1, 0, 0, 0, 1, 0, 1, 0, 1, 0, 0, 0, 1, 1, 1, 0, 0, 1, 1, 0, 0, 0, 0, 0, 1, 1, 0, 1, 1, 1, 1, 1, 1, 1, 1, 0, 0, 0, 0, 0, 0, 1, 1, 1, 0, 0, 0, 1]
actual:
[0 0 0 1 0 0 0 0 0 1 0 1 1 0 1 1 0 0 0 1 1 1 0 0 0 1 1 1 0 0 0 0 0 1 0 0 1
 1 0 0 0 0 0 0 0 1 0 0 0 0 1 1 1 0 0 1 0 1 1 0 0 1 1 1 0 0 1 1 1 1 1 1 1 1
 1 1 1 1 1 1 1 1 0 1 1 1 1 0 0 0 1 0 1 0 1 1 0 1 0 0 0 1 0 1 1 1 1 0 1 1 0
 1 0 0 0 0 0 1 1 1 1 0 0 0 0 1 1 1 1 0 1 1 0 1 1 1 0 0 1 1 1 0 0 1 0 0 1 1
 1 0 1 1 1 0 1 1 1 0 0 0 1 1 1 0 0 1 1 1 0 0 1 0 1 1 0 1 1 0 1 1 0 1 1 0 0
 0 0 0 0 0 1 1 0 0 0 1]
accuracy: 0.882653061224
[  2.60572896e-02   3.38703959e-02   9.25630278e-02   2.78083807e-02
   3.70373977e-02   1.09435103e-02   4.11809250e-02   2.04473759e-02
   4.41115222e-02   7.44844247e-03   1.72937198e-03   0.00000000e+00
   0.00000000e+00   2.04106496e-02   1.94742541e-03   5.26793310e-04
   4.76418722e-04   0.00000000e+00   0.00000000e+00   0.00000000e+00
   2.54489522e-04   0.00000000e+00   0.00000000e+00   0.00000000e+00
   0.00000000e+00   0.00000000e+00   1.13476407e-03   2.08487579e-04
   0.00000000e+00   4.03491602e-03   0.00000000e+00   0.00000000e+00
   4.60909234e-04   0.00000000e+00   1.50497248e-03   2.99738374e-03
   0.00000000e+00   0.00000000e+00   0.00000000e+00   0.00000000e+00
   2.92022584e-04   2.20236514e-03   0.00000000e+00   0.00000000e+00
   2.13747463e-03   6.33064180e-04   9.02496630e-04   0.00000000e+00
   1.13926216e-04   0.00000000e+00   0.00000000e+00   0.00000000e+00
   1.88917327e-03   0.00000000e+00   8.09188969e-05   3.99911123e-03
   6.84155838e-04   4.85445834e-04   3.36670392e-03   5.10503035e-03
   1.72653867e-03   0.00000000e+00   0.00000000e+00   1.02418904e-03
   0.00000000e+00   2.30454617e-04   0.00000000e+00   0.00000000e+00
   3.41778649e-04   0.00000000e+00   5.56383290e-04   2.55990143e-03
   0.00000000e+00   1.37622972e-03   0.00000000e+00   6.54137167e-03
   0.00000000e+00   0.00000000e+00   9.87662644e-04   0.00000000e+00
   3.96267872e-04   0.00000000e+00   6.50192189e-05   1.66734358e-03
   5.69631081e-04   1.33918928e-02   0.00000000e+00   6.44264809e-03
   1.99422815e-03   3.52095916e-03   0.00000000e+00   0.00000000e+00
   0.00000000e+00   0.00000000e+00   0.00000000e+00   0.00000000e+00
   0.00000000e+00   7.85946615e-04   0.00000000e+00   0.00000000e+00
   1.50487174e-03   0.00000000e+00   0.00000000e+00   0.00000000e+00
   0.00000000e+00   3.73581773e-04   0.00000000e+00   0.00000000e+00
   3.42137992e-03   0.00000000e+00   3.40394438e-03   0.00000000e+00
   4.80861486e-04   0.00000000e+00   1.68873981e-03   3.15025648e-04
   0.00000000e+00   0.00000000e+00   0.00000000e+00   0.00000000e+00
   0.00000000e+00   1.30368041e-03   3.69834989e-04   3.74196761e-03
   5.83772452e-04   9.75292520e-04   4.45788997e-04   3.46528213e-04
   0.00000000e+00   0.00000000e+00   0.00000000e+00   5.46075085e-04
   0.00000000e+00   5.17267191e-05   0.00000000e+00   5.03481817e-04
   0.00000000e+00   0.00000000e+00   0.00000000e+00   5.35988367e-04
   3.44269461e-03   0.00000000e+00   0.00000000e+00   4.21509280e-03
   0.00000000e+00   0.00000000e+00   1.47520332e-02   0.00000000e+00
   5.19792320e-04   0.00000000e+00   0.00000000e+00   0.00000000e+00
   0.00000000e+00   0.00000000e+00   4.60909234e-04   8.19198509e-04
   9.21802223e-03   1.75997999e-03   0.00000000e+00   0.00000000e+00
   0.00000000e+00   5.40130885e-04   2.14889946e-05   1.53678180e-03
   0.00000000e+00   0.00000000e+00   0.00000000e+00   0.00000000e+00
   1.16599537e-03   1.96114465e-03   0.00000000e+00   0.00000000e+00
   0.00000000e+00   1.15509404e-04   0.00000000e+00   0.00000000e+00
   0.00000000e+00   2.42705445e-03   0.00000000e+00   6.07606487e-04
   2.93080499e-03   2.48971510e-03   0.00000000e+00   0.00000000e+00
   7.98659394e-03   3.09946340e-03   0.00000000e+00   0.00000000e+00
   3.46998581e-04   0.00000000e+00   3.56184781e-03   0.00000000e+00
   0.00000000e+00   0.00000000e+00   0.00000000e+00   2.29154673e-03
   2.63596653e-04   2.04799627e-04   0.00000000e+00   2.60144844e-04
   0.00000000e+00   0.00000000e+00   9.76663292e-03   0.00000000e+00
   1.11507283e-03   0.00000000e+00   7.07174406e-03   0.00000000e+00
   0.00000000e+00   0.00000000e+00   0.00000000e+00   0.00000000e+00
   4.55704865e-04   0.00000000e+00   0.00000000e+00   0.00000000e+00
   2.55771988e-03   1.24306175e-03   3.45681925e-04   1.56923952e-02
   5.19792320e-04   0.00000000e+00   2.76038898e-03   0.00000000e+00
   0.00000000e+00   0.00000000e+00   2.95300600e-03   0.00000000e+00
   1.23056813e-03   0.00000000e+00   0.00000000e+00   0.00000000e+00
   4.70642244e-04   0.00000000e+00   1.22096560e-05   1.09686785e-02
   0.00000000e+00   0.00000000e+00   0.00000000e+00   4.19822901e-04
   0.00000000e+00   0.00000000e+00   1.85593144e-03   0.00000000e+00
   0.00000000e+00   1.39017012e-03   0.00000000e+00   1.43672726e-03
   0.00000000e+00   1.59016276e-03   1.79910011e-03   8.53480954e-05
   0.00000000e+00   0.00000000e+00   0.00000000e+00   0.00000000e+00
   6.87626091e-04   7.96233600e-03   4.71412120e-03   0.00000000e+00
   0.00000000e+00   4.86052988e-03   0.00000000e+00   0.00000000e+00
   0.00000000e+00   0.00000000e+00   0.00000000e+00   0.00000000e+00
   9.76510425e-04   0.00000000e+00   1.02623376e-03   0.00000000e+00
   3.89141160e-03   0.00000000e+00   0.00000000e+00   7.68790705e-04
   0.00000000e+00   2.65789778e-03   0.00000000e+00   0.00000000e+00
   0.00000000e+00   5.27242375e-05   0.00000000e+00   6.71904663e-03
   0.00000000e+00   8.37972849e-04   0.00000000e+00   0.00000000e+00
   7.16188452e-03   0.00000000e+00   2.20996834e-04   6.12416042e-04
   6.22973359e-04   6.56567558e-04   0.00000000e+00   3.41440108e-04
   0.00000000e+00   0.00000000e+00   0.00000000e+00   1.45311681e-02
   0.00000000e+00   1.69026736e-03   1.26883659e-03   0.00000000e+00
   0.00000000e+00   4.06424221e-04   7.09091129e-04   0.00000000e+00
   0.00000000e+00   6.15366665e-04   4.64167532e-03   0.00000000e+00
   1.01824775e-04   6.26524120e-03   3.46528213e-04   0.00000000e+00
   7.40746983e-04   1.05303711e-03   5.92342717e-04   4.51584278e-04
   0.00000000e+00   5.76262403e-04   0.00000000e+00   1.42886862e-03
   0.00000000e+00   4.95904000e-03   0.00000000e+00   0.00000000e+00
   0.00000000e+00   0.00000000e+00   0.00000000e+00   0.00000000e+00
   0.00000000e+00   1.07628671e-02   1.11518390e-03   1.53837106e-02
   1.92847510e-03   1.86221873e-03   1.29456102e-02   3.64202782e-04
   6.64153140e-03   0.00000000e+00   0.00000000e+00   0.00000000e+00
   0.00000000e+00   6.20073650e-05   0.00000000e+00   9.93635315e-03
   3.44137847e-03   1.10660471e-03   1.92191842e-03   0.00000000e+00
   6.40039002e-04   0.00000000e+00   1.98484717e-04   3.69630094e-04
   2.65890406e-03   0.00000000e+00   2.26502526e-03   1.58272998e-02
   6.50278754e-05   0.00000000e+00   6.09717894e-04   0.00000000e+00
   0.00000000e+00   3.61978381e-03   5.98112635e-04   0.00000000e+00
   0.00000000e+00   0.00000000e+00   0.00000000e+00   0.00000000e+00
   0.00000000e+00   0.00000000e+00   0.00000000e+00   2.94855699e-03
   1.18816107e-03   0.00000000e+00   0.00000000e+00   1.25576680e-02
   0.00000000e+00   0.00000000e+00   4.55110283e-04   0.00000000e+00
   0.00000000e+00   0.00000000e+00   3.90708993e-05   0.00000000e+00
   3.16461712e-04   0.00000000e+00   2.32160416e-04   1.78104484e-03
   1.65469278e-04   0.00000000e+00   0.00000000e+00   0.00000000e+00
   0.00000000e+00   0.00000000e+00   0.00000000e+00   0.00000000e+00
   0.00000000e+00   2.24916897e-03   1.31988879e-03   1.07452323e-02
   7.00169666e-04   1.09801020e-02   2.22353713e-02   1.17386159e-02
   3.90489234e-02   4.95204252e-02   8.85292906e-03   6.83260006e-04
   2.96509946e-03   1.13666314e-03   0.00000000e+00   5.69914864e-04
   1.14554775e-03   0.00000000e+00   0.00000000e+00   3.36479755e-04
   0.00000000e+00   0.00000000e+00   8.32231854e-04   0.00000000e+00
   0.00000000e+00   0.00000000e+00   0.00000000e+00   0.00000000e+00
   0.00000000e+00   3.82005253e-03   7.90130115e-04   3.41332712e-04
   0.00000000e+00   2.78111473e-03   0.00000000e+00   6.11855483e-04
   0.00000000e+00   0.00000000e+00   1.33745761e-03   0.00000000e+00
   4.83785757e-04   0.00000000e+00   0.00000000e+00   0.00000000e+00
   0.00000000e+00   0.00000000e+00   8.02856346e-04   2.12786184e-03
   0.00000000e+00   0.00000000e+00   3.91787641e-03   3.77343114e-04
   0.00000000e+00   0.00000000e+00   0.00000000e+00   0.00000000e+00
   0.00000000e+00   0.00000000e+00   0.00000000e+00   0.00000000e+00
   0.00000000e+00   6.82792692e-04   2.89562644e-03   7.01905402e-04
   0.00000000e+00   1.32957404e-03   1.17050176e-03   2.71316368e-03
   2.35266417e-03   0.00000000e+00   2.18349657e-03   0.00000000e+00
   0.00000000e+00   0.00000000e+00   2.90017516e-03   0.00000000e+00
   4.90359924e-03]
precision: 0.858585858586
recall: 0.904255319149
fscore: 0.880829015544
