getting variable names...
getting functional features...
getting library features...
getting whitespace features...
Backspe_fractile.c
returning...
Backspe_last.c
returning...
Backspe_perp.c
returning...
caf_slide.c
returning...
dooglius_bff.c
returning...
dooglius_coin.c
returning...
stubbscroll_last.c
returning...
stubbscroll_perp.c
returning...
stubbscroll_rank.c
returning...
alsoba_coin.c
returning...
alsoba_dig.c
returning...
alsoba_fractile.c
returning...
Sempr_coin.c
returning...
Sempr_fractile.c
returning...
Sempr_free.c
returning...
stubbscroll_bff.c
returning...
stubbscroll_clos.c
returning...
stubbscroll_dig.c
returning...
Tjandra_fractile.c
returning...
Tjandra_last.c
returning...
Tjandra_perp.c
returning...
Yao_revenge.c
returning...
Yao_sheep.c
returning...
alsoba_last.c
returning...
alsoba_perp.c
returning...
alsoba_rank.c
returning...
sgtlaugh_sheep.c
returning...
sgtlaugh_teach.c
returning...
sgtlaugh_tech.c
returning...
stubbscroll_red.c
returning...
stubbscroll_revenge.c
returning...
stubbscroll_sheep.c
returning...
TinyNight_dig.c
returning...
TinyNight_fractile.c
returning...
TinyNight_last.c
returning...
Backspe_rank.c
returning...
Backspe_red.c
returning...
Backspe_revenge.c
returning...
dooglius_revenge.c
returning...
dooglius_sheep.c
returning...
Sempr_bff.c
returning...
Sempr_last.c
returning...
Sempr_rank.c
returning...
Sempr_red.c
returning...
Sempr_revenge.c
returning...
Sempr_sheep.c
returning...
sgtlaugh_clos.c
returning...
stubbscroll_fractile.c
returning...
stubbscroll_free.c
returning...
stubbscroll_gard.c
returning...
Tjandra_bff.c
returning...
Tjandra_dig.c
returning...
Tjandra_fash.c
returning...
Tjandra_revenge.c
returning...
Tjandra_sen.c
returning...
Tjandra_sheep.c
returning...
Tjandra_sli.c
returning...
Yao_coin.c
returning...
Yao_fractile.c
returning...
Yao_last.c
returning...
Yao_perp.c
returning...
Yao_rank.c
returning...
caf_fractile.c
returning...
caf_last.c
returning...
caf_rank.c
returning...
caf_revenge.c
returning...
caf_sen.c
returning...
caf_sheep.c
returning...
dooglius_dig.c
returning...
dooglius_last.c
returning...
dooglius_rank.c
returning...
Backspe_clos.c
returning...
Backspe_coin.c
returning...
Backspe_dig.c
returning...
sgtlaugh_last.c
returning...
sgtlaugh_reb.c
returning...
sgtlaugh_revenge.c
returning...
TinyNight_rank.c
returning...
TinyNight_revenge.c
returning...
TinyNight_sheep.c
returning...
[[-0.40160641 -0.5741737   1.3314885  ..., -0.21356072 -0.2892399
  -0.42543737]
 [-0.11170642 -0.3920594  -0.4990024  ..., -0.21356072 -0.2892399
   1.9594517 ]
 [-0.10180921 -0.35546462 -0.13351392 ..., -0.21356072 -0.2892399
   1.9594517 ]
 ..., 
 [-0.32683462 -0.58197665 -0.4164732  ..., -0.21356072 -0.2892399
  -0.42543737]
 [-0.37700305 -0.61364887 -0.54401666 ..., -0.21356072 -0.2892399
  -0.42543737]
 [-0.06504814  1.16699665  3.99650336 ..., -0.21356072  1.30361644
  -0.42543737]]
same: 391
prediction:
[0, 1, 1, 0, 0, 0, 1, 0, 0, 1, 0, 0, 0, 1, 1, 0, 0, 1, 1, 0, 1, 0, 1, 0, 0, 1, 0, 0, 1, 0, 0, 1, 1, 0, 1, 0, 1, 1, 1, 0, 0, 0, 1, 1, 0, 0, 0, 0, 1, 0, 0, 1, 1, 0, 1, 1, 1, 0, 0, 0, 0, 0, 0, 0, 1, 0, 1, 1, 1, 0, 1, 0, 0, 1, 0, 0, 0, 0, 1, 1, 1, 0, 0, 0, 1, 1, 1, 0, 1, 0, 0, 1, 1, 1, 1, 0, 0, 1, 0, 1, 1, 1, 0, 0, 1, 1, 0, 0, 0, 1, 0, 0, 1, 1, 1, 0, 0, 1, 0, 1, 1, 1, 1, 0, 1, 1, 0, 0, 0, 0, 0, 1, 1, 1, 0, 1, 1, 0, 1, 0, 0, 1, 0, 1, 0, 0, 1, 0, 1, 1, 1, 1, 1, 0, 0, 1, 0, 0, 1, 0, 0, 0, 1, 0, 1, 1, 1, 0, 1, 1, 1, 0, 1, 0, 0, 1, 0, 1, 0, 1, 0, 1, 1, 0, 0, 1, 1, 0, 0, 0, 0, 1, 1, 1, 0, 0]
actual:
[0 1 1 1 0 0 1 0 0 1 0 0 0 1 1 0 0 1 1 0 1 0 1 0 0 1 0 0 1 0 0 1 1 0 1 0 0
 1 1 0 0 0 1 1 0 0 1 0 1 0 0 1 1 0 1 1 1 0 0 0 0 0 0 0 1 0 0 1 1 0 1 1 0 1
 0 0 0 0 1 1 1 1 0 0 1 1 1 0 1 0 0 1 1 1 1 0 0 1 0 1 1 1 0 0 1 1 0 0 0 1 0
 0 1 1 1 0 0 1 0 0 1 1 1 1 1 1 0 1 0 0 0 1 1 1 0 1 1 0 1 1 0 1 0 1 0 0 0 1
 1 1 1 1 1 0 0 1 0 0 0 0 0 1 1 0 1 1 1 0 1 1 1 1 0 0 1 1 0 1 0 1 0 1 1 0 0
 1 1 1 0 0 1 1 1 1 1 0]
accuracy: 0.897959183673
[  2.63082402e-02   1.67630601e-02   7.34557371e-02   6.38697492e-02
   5.22413351e-02   4.05588626e-02   5.24864336e-03   1.46777379e-02
   3.58818369e-02   2.21564982e-03   1.20122806e-03   2.69057828e-04
   0.00000000e+00   1.91904928e-02   2.30827067e-03   1.46219894e-03
   0.00000000e+00   0.00000000e+00   1.44614066e-03   0.00000000e+00
   7.40696982e-04   0.00000000e+00   2.92377440e-04   0.00000000e+00
   0.00000000e+00   0.00000000e+00   2.23253026e-03   2.57594944e-03
   3.62104760e-03   2.69468235e-03   0.00000000e+00   0.00000000e+00
   1.19570297e-03   0.00000000e+00   0.00000000e+00   7.54134936e-04
   0.00000000e+00   0.00000000e+00   0.00000000e+00   1.07034075e-03
   0.00000000e+00   0.00000000e+00   1.37136749e-03   8.30520936e-05
   4.56258370e-04   0.00000000e+00   0.00000000e+00   1.14025973e-04
   1.79074955e-05   0.00000000e+00   0.00000000e+00   0.00000000e+00
   6.63214781e-04   0.00000000e+00   0.00000000e+00   1.56473849e-03
   0.00000000e+00   0.00000000e+00   0.00000000e+00   5.96789573e-03
   0.00000000e+00   0.00000000e+00   0.00000000e+00   0.00000000e+00
   0.00000000e+00   0.00000000e+00   0.00000000e+00   9.11654318e-05
   3.70995177e-03   0.00000000e+00   0.00000000e+00   3.54484080e-03
   0.00000000e+00   2.92711857e-03   0.00000000e+00   2.94104995e-03
   0.00000000e+00   2.35138011e-03   0.00000000e+00   1.89126559e-03
   9.11660349e-04   0.00000000e+00   0.00000000e+00   0.00000000e+00
   1.81703474e-03   2.50805872e-03   5.11999068e-04   1.28260904e-02
   0.00000000e+00   4.79960103e-04   0.00000000e+00   0.00000000e+00
   0.00000000e+00   0.00000000e+00   0.00000000e+00   0.00000000e+00
   0.00000000e+00   5.86063490e-04   0.00000000e+00   6.84387555e-04
   0.00000000e+00   0.00000000e+00   0.00000000e+00   0.00000000e+00
   0.00000000e+00   5.13290666e-04   5.95248625e-04   0.00000000e+00
   3.48809079e-03   0.00000000e+00   2.80754042e-05   0.00000000e+00
   1.25805926e-03   0.00000000e+00   4.71257384e-03   5.15176587e-04
   0.00000000e+00   0.00000000e+00   3.41300904e-04   0.00000000e+00
   0.00000000e+00   6.06863198e-04   3.89964514e-03   4.67137650e-03
   0.00000000e+00   0.00000000e+00   0.00000000e+00   0.00000000e+00
   0.00000000e+00   0.00000000e+00   3.04524343e-05   0.00000000e+00
   0.00000000e+00   0.00000000e+00   3.09370473e-04   0.00000000e+00
   0.00000000e+00   7.22361962e-04   0.00000000e+00   0.00000000e+00
   8.33497916e-03   0.00000000e+00   0.00000000e+00   0.00000000e+00
   5.82278087e-04   0.00000000e+00   2.02451558e-03   0.00000000e+00
   0.00000000e+00   0.00000000e+00   0.00000000e+00   0.00000000e+00
   0.00000000e+00   1.56037811e-04   3.42077919e-04   0.00000000e+00
   1.20330301e-02   2.12210727e-03   0.00000000e+00   0.00000000e+00
   0.00000000e+00   2.49107819e-03   1.01149034e-03   0.00000000e+00
   0.00000000e+00   0.00000000e+00   3.77175151e-04   0.00000000e+00
   0.00000000e+00   2.12794235e-03   0.00000000e+00   4.39814467e-04
   0.00000000e+00   0.00000000e+00   0.00000000e+00   0.00000000e+00
   0.00000000e+00   1.40024919e-02   0.00000000e+00   0.00000000e+00
   7.75342875e-03   2.33337747e-03   0.00000000e+00   1.11745454e-03
   9.69717743e-04   4.55147399e-04   0.00000000e+00   0.00000000e+00
   0.00000000e+00   0.00000000e+00   0.00000000e+00   1.12016707e-04
   0.00000000e+00   0.00000000e+00   0.00000000e+00   1.28199200e-04
   1.79563654e-03   0.00000000e+00   0.00000000e+00   0.00000000e+00
   0.00000000e+00   0.00000000e+00   1.91964326e-02   0.00000000e+00
   4.55827159e-04   0.00000000e+00   0.00000000e+00   0.00000000e+00
   0.00000000e+00   0.00000000e+00   0.00000000e+00   5.79663267e-04
   9.34490554e-04   0.00000000e+00   0.00000000e+00   7.68458166e-04
   1.22390958e-03   5.83100076e-03   5.74316384e-04   7.54978937e-03
   4.55110283e-04   0.00000000e+00   5.04075181e-04   2.53803152e-03
   0.00000000e+00   0.00000000e+00   3.26983603e-03   0.00000000e+00
   1.33879305e-03   0.00000000e+00   0.00000000e+00   0.00000000e+00
   0.00000000e+00   0.00000000e+00   0.00000000e+00   8.88079962e-03
   7.37554144e-04   0.00000000e+00   3.41332712e-04   0.00000000e+00
   0.00000000e+00   0.00000000e+00   1.61152820e-04   0.00000000e+00
   6.26068376e-04   1.30990251e-04   0.00000000e+00   0.00000000e+00
   0.00000000e+00   1.96344538e-03   6.25826220e-03   0.00000000e+00
   0.00000000e+00   0.00000000e+00   0.00000000e+00   1.37897292e-04
   0.00000000e+00   0.00000000e+00   5.05476737e-03   0.00000000e+00
   0.00000000e+00   2.70967721e-03   0.00000000e+00   0.00000000e+00
   0.00000000e+00   0.00000000e+00   0.00000000e+00   0.00000000e+00
   5.39276197e-04   3.15871179e-04   0.00000000e+00   0.00000000e+00
   4.62856106e-03   0.00000000e+00   0.00000000e+00   5.90901528e-04
   0.00000000e+00   6.45790677e-04   0.00000000e+00   0.00000000e+00
   0.00000000e+00   0.00000000e+00   3.82045353e-04   5.75796923e-03
   0.00000000e+00   0.00000000e+00   5.70129865e-04   0.00000000e+00
   3.43864295e-03   4.20451224e-04   1.04340030e-03   0.00000000e+00
   0.00000000e+00   0.00000000e+00   5.82062098e-04   0.00000000e+00
   0.00000000e+00   0.00000000e+00   0.00000000e+00   1.18683688e-02
   1.10414526e-03   1.54373024e-03   0.00000000e+00   0.00000000e+00
   0.00000000e+00   0.00000000e+00   0.00000000e+00   0.00000000e+00
   0.00000000e+00   0.00000000e+00   2.06913241e-03   0.00000000e+00
   5.59958474e-04   5.37430017e-03   0.00000000e+00   0.00000000e+00
   9.31212113e-04   0.00000000e+00   0.00000000e+00   0.00000000e+00
   0.00000000e+00   1.30170577e-03   0.00000000e+00   3.41332712e-04
   2.04895105e-04   9.07727513e-03   0.00000000e+00   5.96958642e-03
   0.00000000e+00   0.00000000e+00   0.00000000e+00   0.00000000e+00
   0.00000000e+00   4.20549961e-03   0.00000000e+00   5.93632383e-03
   1.85909310e-03   1.86688185e-04   9.56357798e-03   0.00000000e+00
   0.00000000e+00   0.00000000e+00   0.00000000e+00   0.00000000e+00
   0.00000000e+00   5.13290666e-04   0.00000000e+00   1.10451395e-02
   1.81403872e-03   0.00000000e+00   4.08761976e-03   0.00000000e+00
   0.00000000e+00   0.00000000e+00   0.00000000e+00   1.59965536e-03
   0.00000000e+00   0.00000000e+00   3.49506505e-03   4.00974516e-03
   1.26305693e-03   0.00000000e+00   0.00000000e+00   0.00000000e+00
   0.00000000e+00   3.56763152e-03   6.12049195e-04   0.00000000e+00
   0.00000000e+00   5.13290666e-04   0.00000000e+00   0.00000000e+00
   7.76462307e-04   0.00000000e+00   0.00000000e+00   1.52928893e-03
   5.96677672e-04   0.00000000e+00   1.26432253e-03   1.28836149e-02
   1.08324674e-03   0.00000000e+00   0.00000000e+00   0.00000000e+00
   0.00000000e+00   0.00000000e+00   0.00000000e+00   0.00000000e+00
   0.00000000e+00   0.00000000e+00   0.00000000e+00   4.58834196e-03
   0.00000000e+00   0.00000000e+00   0.00000000e+00   0.00000000e+00
   0.00000000e+00   0.00000000e+00   0.00000000e+00   0.00000000e+00
   5.95099668e-04   1.02396878e-02   0.00000000e+00   1.29099474e-03
   0.00000000e+00   6.95978783e-03   5.16021940e-03   4.99543810e-03
   5.01611845e-02   1.06022353e-02   8.98620666e-03   8.35945325e-03
   1.02954063e-02   1.06323697e-02   9.13199314e-04   1.79804617e-03
   0.00000000e+00   1.14980727e-02   8.38022271e-02   1.66879336e-02
   1.14200975e-03   0.00000000e+00   1.27441272e-03   2.52815484e-06
   0.00000000e+00   5.47919589e-04   0.00000000e+00   0.00000000e+00
   1.72117797e-03   0.00000000e+00   0.00000000e+00   3.89282648e-03
   6.79652055e-04   0.00000000e+00   0.00000000e+00   3.42449743e-04
   0.00000000e+00   6.15948799e-04   5.56757900e-03   5.12399371e-04
   0.00000000e+00   1.14541184e-03   3.59570412e-03   0.00000000e+00
   0.00000000e+00   0.00000000e+00   0.00000000e+00   8.22215726e-04
   0.00000000e+00   6.43603643e-04   4.55110283e-04   2.04816329e-04
   0.00000000e+00   1.10603583e-03   1.41649837e-03   3.86539718e-03
   1.33356238e-03   0.00000000e+00   1.24538492e-04   2.27413461e-03
   1.57541847e-03   3.97010751e-04   0.00000000e+00   0.00000000e+00
   0.00000000e+00   6.50513770e-04   1.65226729e-03   0.00000000e+00
   0.00000000e+00   0.00000000e+00   2.09784090e-04   5.95831215e-04
   1.64112772e-03   0.00000000e+00   0.00000000e+00   8.88806888e-04
   2.90932397e-04   5.11999068e-04   0.00000000e+00   2.94261563e-03
   0.00000000e+00   1.17978288e-04   0.00000000e+00   0.00000000e+00
   4.56258370e-04   6.31742358e-04]
precision: 0.862745098039
recall: 0.936170212766
fscore: 0.897959183673
