getting variable names...
getting functional features...
getting library features...
getting whitespace features...
Backspe_clos.c
returning...
Backspe_coin.c
returning...
Backspe_dig.c
returning...
sgtlaugh_last.c
returning...
sgtlaugh_reb.c
returning...
sgtlaugh_revenge.c
returning...
TinyNight_rank.c
returning...
TinyNight_revenge.c
returning...
TinyNight_sheep.c
returning...
alsoba_revenge.c
returning...
alsoba_sheep.c
returning...
alsoba_tech.c
returning...
Sempr_revenge.c
returning...
Sempr_sheep.c
returning...
sgtlaugh_clos.c
returning...
stubbscroll_fractile.c
returning...
stubbscroll_free.c
returning...
stubbscroll_gard.c
returning...
Tjandra_bff.c
returning...
Tjandra_dig.c
returning...
Tjandra_fash.c
returning...
Tjandra_revenge.c
returning...
Tjandra_sen.c
returning...
Tjandra_sheep.c
returning...
Tjandra_sli.c
returning...
Yao_coin.c
returning...
Yao_fractile.c
returning...
Yao_revenge.c
returning...
Yao_sheep.c
returning...
Backspe_fractile.c
returning...
Backspe_last.c
returning...
Backspe_perp.c
returning...
caf_slide.c
returning...
dooglius_bff.c
returning...
dooglius_coin.c
returning...
stubbscroll_last.c
returning...
stubbscroll_perp.c
returning...
stubbscroll_rank.c
returning...
alsoba_coin.c
returning...
alsoba_dig.c
returning...
alsoba_fractile.c
returning...
Sempr_coin.c
returning...
Sempr_fractile.c
returning...
Sempr_free.c
returning...
stubbscroll_bff.c
returning...
stubbscroll_clos.c
returning...
stubbscroll_dig.c
returning...
Tjandra_fractile.c
returning...
Tjandra_last.c
returning...
Tjandra_perp.c
returning...
Yao_last.c
returning...
Yao_perp.c
returning...
Yao_rank.c
returning...
alsoba_last.c
returning...
alsoba_perp.c
returning...
alsoba_rank.c
returning...
sgtlaugh_sheep.c
returning...
sgtlaugh_teach.c
returning...
sgtlaugh_tech.c
returning...
stubbscroll_red.c
returning...
stubbscroll_revenge.c
returning...
stubbscroll_sheep.c
returning...
TinyNight_dig.c
returning...
TinyNight_fractile.c
returning...
TinyNight_last.c
returning...
caf_fractile.c
returning...
caf_last.c
returning...
caf_rank.c
returning...
caf_revenge.c
returning...
caf_sen.c
returning...
caf_sheep.c
returning...
dooglius_dig.c
returning...
dooglius_last.c
returning...
dooglius_rank.c
returning...
[[-0.63683472 -0.64087238 -0.6378161  ..., -0.21138229 -0.28077263
  -0.45074553]
 [ 0.0617597  -0.54028564 -0.39109478 ..., -0.21138229 -0.28077263
  -0.45074553]
 [-0.18488075 -0.61255494 -0.60367843 ..., -0.21138229 -0.28077263
  -0.45074553]
 ..., 
 [ 0.93017432 -0.50988481  0.30888045 ..., -0.21138229 -0.28077263
  -0.45074553]
 [-0.61919311 -0.66551236 -0.6378739  ..., -0.21138229 -0.28077263
   0.17201596]
 [ 0.15736935 -0.23617442  1.11815258 ..., -0.21138229 -0.28077263
  -0.45074553]]
same: 391
prediction:
[1, 0, 0, 1, 1, 1, 0, 0, 0, 1, 1, 1, 0, 0, 1, 1, 1, 1, 0, 0, 0, 1, 1, 1, 0, 1, 1, 1, 0, 1, 1, 1, 0, 0, 0, 1, 1, 1, 0, 1, 1, 1, 1, 0, 0, 1, 0, 0, 0, 1, 1, 0, 1, 1, 1, 0, 1, 0, 1, 0, 1, 0, 0, 1, 1, 1, 1, 0, 1, 1, 0, 0, 1, 1, 1, 1, 1, 0, 1, 0, 0, 0, 0, 1, 0, 1, 1, 1, 1, 1, 1, 1, 0, 1, 1, 0, 1, 1, 0, 1, 1, 0, 0, 0, 0, 1, 1, 0, 0, 0, 0, 1, 1, 1, 1, 0, 1, 1, 0, 1, 1, 0, 1, 0, 1, 1, 0, 1, 0, 1, 1, 1, 1, 1, 0, 1, 0, 1, 0, 0, 1, 1, 1, 0, 0, 1, 1, 0, 0, 0, 1, 0, 1, 0, 0, 0, 0, 0, 1, 0, 0, 1, 1, 0, 0, 0, 1, 0, 1, 0, 0, 0, 1, 0, 1, 0, 1, 0, 1, 1, 0, 0, 0, 1, 0, 0, 0, 1, 1, 1, 1, 1, 1, 0, 1, 0]
actual:
[1 1 0 0 1 1 0 1 0 1 1 1 1 0 1 1 1 1 0 0 1 1 1 1 0 0 1 1 0 1 1 1 1 0 0 1 0
 1 1 1 1 1 1 1 0 1 0 0 1 1 1 0 1 1 1 1 1 0 1 0 1 0 0 1 1 1 1 0 1 1 0 0 1 1
 1 1 1 0 1 0 0 0 0 1 0 1 1 1 1 1 0 1 0 0 1 0 1 1 0 1 1 0 0 0 0 1 1 0 0 0 0
 1 1 1 1 0 1 1 0 1 1 0 1 0 1 1 0 1 0 0 1 1 1 1 0 0 0 1 0 0 1 1 1 0 1 1 0 0
 0 0 1 0 1 0 0 0 0 0 1 0 0 1 1 0 0 0 1 0 1 0 0 0 1 0 1 0 1 0 1 1 0 0 0 1 1
 0 1 1 1 0 1 1 1 0 1 0]
accuracy: 0.892857142857
precision: 0.863636363636
recall: 0.894117647059
fscore: 0.878612716763
