getting variable names...
getting functional features...
getting library features...
getting whitespace features...
Backspe_fractile.c
returning...
Backspe_last.c
returning...
Backspe_perp.c
returning...
caf_slide.c
returning...
dooglius_bff.c
returning...
dooglius_coin.c
returning...
stubbscroll_last.c
returning...
stubbscroll_perp.c
returning...
stubbscroll_rank.c
returning...
alsoba_coin.c
returning...
alsoba_dig.c
returning...
alsoba_fractile.c
returning...
Sempr_coin.c
returning...
Sempr_fractile.c
returning...
Sempr_free.c
returning...
stubbscroll_bff.c
returning...
stubbscroll_clos.c
returning...
stubbscroll_dig.c
returning...
Tjandra_fractile.c
returning...
Tjandra_last.c
returning...
Tjandra_perp.c
returning...
Yao_revenge.c
returning...
Yao_sheep.c
returning...
alsoba_last.c
returning...
alsoba_perp.c
returning...
alsoba_rank.c
returning...
sgtlaugh_sheep.c
returning...
sgtlaugh_teach.c
returning...
sgtlaugh_tech.c
returning...
stubbscroll_red.c
returning...
stubbscroll_revenge.c
returning...
stubbscroll_sheep.c
returning...
TinyNight_dig.c
returning...
TinyNight_fractile.c
returning...
TinyNight_last.c
returning...
Backspe_clos.c
returning...
Backspe_coin.c
returning...
Backspe_dig.c
returning...
sgtlaugh_last.c
returning...
sgtlaugh_reb.c
returning...
sgtlaugh_revenge.c
returning...
TinyNight_rank.c
returning...
TinyNight_revenge.c
returning...
TinyNight_sheep.c
returning...
Backspe_rank.c
returning...
Backspe_red.c
returning...
Backspe_revenge.c
returning...
dooglius_revenge.c
returning...
dooglius_sheep.c
returning...
Sempr_bff.c
returning...
Sempr_last.c
returning...
Sempr_rank.c
returning...
Sempr_red.c
returning...
Sempr_revenge.c
returning...
Sempr_sheep.c
returning...
sgtlaugh_clos.c
returning...
stubbscroll_fractile.c
returning...
stubbscroll_free.c
returning...
stubbscroll_gard.c
returning...
Tjandra_bff.c
returning...
Tjandra_dig.c
returning...
Tjandra_fash.c
returning...
Tjandra_revenge.c
returning...
Tjandra_sen.c
returning...
Tjandra_sheep.c
returning...
Tjandra_sli.c
returning...
Yao_coin.c
returning...
Yao_fractile.c
returning...
Yao_last.c
returning...
Yao_perp.c
returning...
Yao_rank.c
returning...
[[-0.20948018  2.86032334  0.83464517 ..., -0.21967561 -0.27910336
  -0.44158489]
 [-0.64775095 -0.68298411 -0.6217414  ..., -0.21967561 -0.27910336
   0.15897056]
 [-0.34389033 -0.59974816 -0.62361387 ..., -0.21967561 -0.27910336
  -0.44158489]
 ..., 
 [-0.49680821 -0.67531593 -0.62366719 ..., -0.21967561 -0.27910336
  -0.44158489]
 [-0.64683108  0.16962549  1.24704372 ..., -0.21967561 -0.27910336
  -0.44158489]
 [ 3.64234499 -0.42608138  0.25715638 ..., -0.21967561 -0.27910336
  -0.44158489]]
same: 391
prediction:
[0, 1, 1, 0, 1, 1, 0, 0, 0, 1, 1, 0, 0, 1, 0, 0, 1, 1, 0, 1, 0, 1, 0, 1, 0, 0, 1, 0, 1, 0, 1, 0, 0, 1, 1, 1, 1, 0, 1, 0, 0, 0, 0, 1, 1, 0, 1, 1, 0, 1, 0, 1, 1, 1, 1, 1, 1, 0, 1, 1, 0, 1, 0, 1, 0, 1, 1, 1, 0, 1, 1, 0, 0, 1, 1, 1, 1, 1, 1, 0, 0, 1, 0, 0, 1, 0, 0, 1, 1, 0, 1, 1, 1, 0, 0, 0, 1, 1, 0, 1, 0, 0, 1, 0, 1, 1, 0, 0, 1, 1, 1, 0, 0, 1, 0, 1, 1, 0, 0, 1, 1, 1, 0, 0, 1, 1, 0, 0, 1, 1, 1, 1, 1, 1, 0, 0, 0, 0, 1, 0, 0, 1, 0, 1, 0, 0, 1, 0, 0, 1, 1, 0, 0, 1, 0, 0, 0, 0, 0, 0, 0, 0, 1, 0, 1, 0, 1, 0, 1, 0, 0, 1, 0, 1, 1, 1, 1, 0, 0, 0, 0, 1, 0, 1, 0, 0, 0, 1, 1, 0, 1, 1, 0, 1, 0, 0]
actual:
[0 1 1 0 1 1 0 0 1 1 1 1 0 1 0 0 1 1 0 1 0 1 0 1 0 0 1 0 0 0 1 0 0 1 1 1 1
 1 1 0 0 1 0 1 1 0 1 1 0 1 0 1 0 1 1 0 1 0 1 1 0 1 0 1 0 1 1 1 0 1 0 0 0 0
 1 1 1 1 1 0 0 1 0 0 1 0 0 1 1 0 1 1 1 0 0 0 1 1 0 1 0 0 1 0 1 1 0 0 1 1 1
 0 0 1 1 1 1 0 0 1 1 1 0 0 1 1 1 0 1 1 1 1 1 1 0 0 0 0 1 0 0 1 1 1 1 0 1 0
 0 0 1 0 0 1 0 0 0 0 0 1 1 0 1 0 1 0 1 0 1 0 0 1 0 0 1 1 1 0 1 0 0 1 0 1 1
 0 0 1 1 0 1 1 0 1 0 0]
accuracy: 0.90306122449
precision: 0.876288659794
recall: 0.923913043478
fscore: 0.899470899471
