getting all except whitespace...
Smithers_Elegant_Diamond.c
NiclasFinne_leds-arch.c
dahlukeh_Candy_Splitting.c
AdamDunkels_symtab-avr.c
JimMeyering_test-u16-nfd.c
JimMeyering_test-u32-conv-to-enc.c
Berry_Falling_Diamonds.c
JimMeyering_u32-strncpy.c
JimMeyering_test-sockets.c
JimMeyering_sigprocmask.c
GeorgeOikonomou_putchar.c
JimMeyering_test-vsnprintf-posix.c
CraigTiller_env_test.c
hobermallow_Getting_the_Digits.c
BrainSteel_Getting_the_Digits.c
JimMeyering_test-mbscasestr4.c
AdamDunkels_loader-arch.c
LayCurse_How_Big_Are_the_Pockets?.c
tigabunnie_Revenge_of_the_Hot_Dogs.c
Yao_Pseudominion.c
CraigTiller_server1_key.c
Baiger_Numbers.c
lbackstrom_PermRLE.c
Hearson_The_Next_Number.c
PaulEggert_openat-die.c
courtesy_Treasure.c
LayCurse_Watersheds.c
DeomidRyabkov_cs_frbuf.c
JimMeyering_strtoll.c
eduardische_Perpetual_Motion.c
float_GoroSort.c
BrunoHaible_test-combiningclass.c
CraigTiller_performance_test.c
daybreakcx_Counting_Sheep.c
AdamDunkels_ds2411.c
tiagomt_Triangle_Areas.c
JimMeyering_test-roundf-ieee.c
float_Magicka.c
JimMeyering_u8-strnlen.c
LayCurse_GoroSort.c
Yao_Bot_Trust.c
JimMeyering_u32-is-cased.c
PaulEggert_ldtoastr.c
darkraven_Out_of_Gas.c
BrunoHaible_wcsstr.c
daybreakcx_Dancing_With_the_Googlers.c
yangzhe1990_Your_Rank_is_Pure.c
JimMeyering_u8-vasnprintf.c
alan790712_Diamond_Inheritance.c
EricBlake_nonblocking.c
JimMeyering_test-u32-strncpy.c
AdamDunkels_strncasecmp.c
stubbscroll_Number_Game.c
AntonioLignan_board.c
dahlukeh_Minesweeper_Master.c
BrunoHaible_test-nonblocking-socket-child.c
SergeyLyubka_umm_malloc_test.c
NicolasPixel_openssl-npn.c
EricBlake_test-c-strcasestr.c
JimMeyering_getpagesize.c
rali_xmalloc.c
NicolasPixel_sigfw.c
hychen_Magic_Trick.c
JimMeyering_test-u32-vasnprintf3.c
JimMeyering_fwriteerror.c
Smithers_Alien_Language.c
CraigTiller_tcp_client_posix.c
kenichi.t_Password_Problem.c
DeomidRyabkov_esp_libc.c
JimMeyering_test-mbschr.c
hedonist_Cruise_Control.c
JimMeyering_cond.c
Vitaliy_Erdős–Szekeres.c
s.max_Recycled_Numbers.c
JimMeyering_test-vasnprintf-posix2.c
chiguri_Less_Money_More_Problems.c
goober_Numbers.c
BrunoHaible_test-sy_java_ident.c
eduardische_Crazy_Rows.c
DmitryFrank_app.c
wxqy_Collecting_Cards.c
sdchikorde_BFFs.c
yangzhe1990_Snapper_Chain.c
stubbscroll_Treasure.c
kingbird_Safety_in_Numbers.c
JimMeyering_test-ceilf2.c
bkoropoff_signal.c
darkraven_Tide_Goes_In_Tide_Goes_Out.c
JimMeyering_test-iconv-h.c
JimMeyering_imaxabs.c
Vitaliy_Deceitful_War.c
AdamDunkels_node-id.c
pratyay_RPI.c
JimMeyering_u8-conv-from-enc.c
MarianoAlvira_u1u2-loopback.c
MarianoAlvira_rtc.c
M.Hafez_BFFs.c
JimMeyering_safe-read.c
DeomidRyabkov_netifapi.c
eduardische_Rotate.c
JimMeyering_test-freadable.c
JimMeyering_test-u32-width-linebreaks.c
chiguri_Deceitful_War.c
bkoropoff_opensock.c
Berry_Kingdom_Rush.c
BrunoHaible_test-fprintf-posix3.c
JimMeyering_test-priv-set.c
s.max_Dancing_With_the_Googlers.c
chuckl0416_Cookie_Clicker_Alpha.c
Konrad127123_Kiddie_Pool.c
LastLeaf_Recycled_Numbers.c
alan790712_Tide_Goes_In_Tide_Goes_Out.c
Ullyses_Senate_Evacuation.c
JimMeyering_mpsort.c
JimMeyering_test-u32-strchr.c
JimMeyering_u32-ct-totitle.c
CraigTiller_udp_server_test.c
JimMeyering_test-u8-strconv-to-enc.c
JimMeyering_u8-startswith.c
IanMartin_write.c
JimMeyering_u8-strcoll.c
Backspe_Coin_Jam.c
Baiger_Fly_Swatter.c
DmitryFrank_cc3200_exc.c
WojciechBober_dbg.c
BrunoHaible_usey.c
EricBlake_test-signal.c
fro11o_Lawnmower.c
Smithers_Collecting_Cards.c
goober_Alien_Language.c
AntonioLignan_ip64-eth-interface.c
JimMeyering_test-u8-conv-to-enc.c
BrunoHaible_unsetenv.c
JimMeyering_test-u32-stpcpy.c
tatuyan_Play_the_Dragon.c
pratyay_Square_Tiles.c
bkoropoff_error.c
JimMeyering_expl.c
eduardische_Center_of_Mass.c
Tjandra_The_Bored_Traveling_Salesman.c
alsoba_Getting_the_Digits.c
hobermallow_Counting_Sheep.c
fqq11679_Crossing_the_Road.c
JimMeyering_vasprintf.c
AdamDunkels_platform_prints.c
CORPkstemen_keytab_local.c
EricBlake_test-c-stack.c
alsoba_Ominous_Omino.c
BrunoHaible_dup3.c
Vitaliy_Multiplayer_Pong.c
NGG_Rope_Intranet.c
JonasOlsson_fault-handlers.c
CraigTiller_endpoint_pair_uv.c
PaulEggert_utimens.c
RémyLéone_debug-uart.c
eduardische_A.I._War.c
DeomidRyabkov_ip_frag.c
dahlukeh_Proper_Shuffle.c
stubbscroll_Infinite_House_of_Pancakes.c
JimMeyering_u8-strcmp.c
DeomidRyabkov_timers.c
stubbscroll_Candy_Splitting.c
Konrad127123_Fair_and_Square.c
JimMeyering_test-freadptr2.c
JensDede_uart1-putchar.c
BrunoHaible_setenv.c
JimMeyering_memchr2.c
JimMeyering_test-composition.c
bkoropoff_dcethread_detach.c
BrunoHaible_joiningtype_name.c
SreeKuchibhotla_client_ssl.c
BrunoHaible_open.c
JimMeyering_printf-frexpl.c
SergeyLyubka_pic32_net_if.c
DeomidRyabkov_sl_ssl_if.c
M.Hafez_Revenge_of_the_Pancakes.c
fqq11679_Crazy_Rows.c
JimMeyering_test-floor2.c
JimMeyering_asnprintf.c
DeomidRyabkov_init.c
Eeyore_House_of_Kittens.c
OliverSchmidt_htmlparser.c
eduardische_Number_Game.c
JimMeyering_u32-vsnprintf.c
BenoîtThébaudeau_minileds.c
JimMeyering_getlogin.c
BrunoHaible_test-ulc-width-linebreaks.c
BrunoHaible_fsusage.c
JimMeyering_ulc-vsprintf.c
BillyKozak_contiki-watchdog.c
ketpdpoe_The_Repeater.c
BrunoHaible_mbsrtowcs.c
JimMeyering_test-u16-asnprintf1.c
JulienBoeuf_string_test.c
JimMeyering_u32-strcoll.c
RémyLéone_hal_lcd_fonts.c
darkraven_Elegant_Diamond.c
JimMeyering_u32-casexfrm.c
Konrad127123_Magic_Trick.c
caf_BFFs.c
zeosutt_Revenge_of_the_Pancakes.c
JimMeyering_test-mbscasestr3.c
JimMeyering_locale-language.c
ali.farzanrad_Parenting_Partnering.c
hychen_Standing_Ovation.c
BrunoHaible_wcscmp.c
yshuiv7_Full_Binary_Tree.c
HenryW_Ugly_Numbers.c
JimMeyering_test-u32-mbtouc-unsafe.c
chiguri_Logging.c
JimMeyering_u8-stpncpy.c
tgoulart_Your_Rank_is_Pure.c
BrunoHaible_acosl.c
stubbscroll_Make_it_Smooth.c
OliverSchmidt_mtarch.c
JimMeyering_test-getndelim2.c
JimMeyering_mkstemp-safer.c
hobermallow_Revenge_of_the_Pancakes.c
darkraven_Bot_Trust.c
JimMeyering_filevercmp.c
JimMeyering_test-calloc-gnu.c
zBard_The_Killer_Word.c
hychen_Logging.c
Hiroshi_Multi-base_happiness.c
JimMeyering_test-sha1.c
BenoîtThébaudeau_noncoresec.c
LevinLMKwong_Haircut.c
dave.t_Getting_the_Digits.c
yshuiv7_Deceitful_War.c
DeomidRyabkov_atcacert_der.c
JimMeyering_u32-strtok.c
Vitaliy_Data_Packing.c
stubbscroll_Alien_Language.c
chiguri_Speaking_in_Tongues.c
htamas_Magicka.c
kawatea_Candy_Splitting.c
pychen_Candy_Splitting.c
DeomidRyabkov_autoip.c
BenoîtThébaudeau_ecb.c
Eeyore_Revenge_of_the_Hot_Dogs.c
JimMeyering_test-fwritable.c
alsoba_Counting_Sheep.c
CraigTiller_timer_list_test.c
JimMeyering_test-u32-nfkc.c
IanMartin_slip-arch.c
stubbscroll_Crossing_the_Road.c
ditsing_Bot_Trust.c
JimMeyering_exitfail.c
JimMeyering_roundl.c
BrunoHaible_wmemset.c
stubbscroll_Theme_Park.c
goober_Hall_of_Mirrors.c
pratyay_Revenge_of_the_Hot_Dogs.c
DmitryFrank_startup_ccs.c
CraigTiller_shadow.c
Berry_Speaking_in_Tongues.c
chuckl0416_Infinite_House_of_Pancakes.c
JimMeyering_test-u8-stpcpy.c
JimMeyering_test-iconvme.c
stefanopascali_httpd-fsdata.c
sao3_Text_Messaging_Outrage.c
yangzhe1990_World_Cup_2010.c
BrunoHaible_ioctl.c
JimMeyering_ulc-common.c
yey177_Cookie_Clicker_Alpha.c
s.max_Speaking_in_Tongues.c
chuckl0416_Enclosure.c
JimMeyering_strchrnul.c
bkoropoff_genaliases2.c
chiguri_Dancing_With_the_Googlers.c
rali_full_ipadr.c
Vitaliy_Recycled_Numbers.c
yangzhe1990_Picking_Up_Chicks.c
stefanopascali_cfs-coffee-arch.c
alan790712_Out_of_Gas.c
Ullyses_Revenge_of_the_Pancakes.c
ketpdpoe_Reordering_Train_Cars.c
BrunoHaible_test-mbrtowc-w32.c
Backspe_Infinite_House_of_Pancakes.c
JimMeyering_test-isnand.c
AdamDunkels_ihx2bin.c
yemelitc_Close_Match.c
RodrigoBurgos_Cheating_a_Boolean_Tree.c
nzqrc_Ratatouille.c
alsoba_Deceitful_War.c
darkraven_Speaking_in_Tongues.c
Konrad127123_Lawnmower.c
JimMeyering_u8-sprintf.c
fqq11679_Multi-base_happiness.c
stubbscroll_Cookie_Clicker_Alpha.c
Backspe_Counting_Sheep.c
YuchenZeng_string_windows.c
alan790712_GoroSort.c
JimMeyering_test-u16-normcoll.c
Smithers_Crossing_the_Road.c
Vitaliy_Dancing_With_the_Googlers.c
JimMeyering_test-idpriv-drop.c
JimMeyering_test-closein.c
Hirakendu_Candy_Splitting.c
JimMeyering_u32-u32-asnprintf.c
CraigTiller_gen_hpack_tables.c
JimMeyering_u8-printf-parse.c
JimMeyering_u16-cmp2.c
hychen_Password_Problem.c
LayCurse_Airport_Walkways.c
kawatea_Square_Tiles.c
BrunoHaible_freadptr.c
Berry_Lawnmower.c
caf_Speaking_in_Tongues.c
JimMeyering_ino-map.c
stubbscroll_Oversized_Pancake_Flipper.c
JimMeyering_test-search.c
courtesy_Osmos.c
SimonDuquennoy_petsciiconv.c
rali_LPdir_wince.c
JimMeyering_test-decomposing-form.c
JimMeyering_mkdtemp.c
Backspe_Technobabble.c
CORPkstemen_cmac_prf.c
JimMeyering_filenamecat-lgpl.c
Ullyses_Rank_and_File.c
PaulEggert_dtoastr.c
boboo_Center_of_Mass.c
PaulEggert_allocator.c
bkoropoff_setproctitle.c
DaniJVaz_World_Cup_2010.c
JimMeyering_u32-u32-snprintf.c
wxqy_Decision_Tree.c
NGG_GoroSort.c
YuchenZeng_tmpfile_windows.c
JensDede_uart0-putchar.c
JimMeyering_test-u8-strncat.c
Vitaliy_Treasure.c
LayCurse_Hall_of_Mirrors.c
alan790712_Kingdom_Rush.c
LayCurse_Alien_Language.c
JimMeyering_u16-set.c
JimMeyering_test-md2.c
goober_Making_Chess_Boards.c
JimMeyering_grantpt.c
BrunoHaible_u8-strstr.c
JimMeyering_c-strtod.c
JimMeyering_test-u32-strconv-from-enc.c
JimMeyering_test-u32-strconv-to-enc.c
AntonioLignan_antenna-sw.c
eduardische_Stock_Charts.c
BrunoHaible_xstrtoull.c
CraigTiller_workqueue_uv.c
JimMeyering_u8-strdup.c
LayCurse_Magicka.c
AdamDunkels_print-stats.c
JimMeyering_u32-asprintf.c
hobermallow_The_Last_Word.c
JimMeyering_u16-casecoll.c
MarianoAlvira_uart1.c
ksb_dbg-puts.c
sdchikorde_Coin_Jam.c
yey177_New_Lottery_Game.c
EricBlake_pipe2.c
JimMeyering_rename.c
JimMeyering_argp-pin.c
rickxu_Multi-base_happiness.c
Tjandra_The_Repeater.c
JimMeyering_raise.c
DeomidRyabkov_stm32_mgos_main.c
DeomidRyabkov_hal_linux_timer.c
JimMeyering_test-u32-wordbreaks.c
JimMeyering_ulc-grapheme-breaks.c
stubbscroll_The_Bored_Traveling_Salesman.c
hychen_Minesweeper_Master.c
IanMartin_uart0.c
eduardische_Mystery_Square.c
JimMeyering_test-parse-duration.c
qxect_Hall_of_Mirrors.c
tatuyan_Fashion_Show.c
PereTuset_antenna.c
chuckl0416_Deceitful_War.c
tiagomt_Minimum_Scalar_Product.c
ketpdpoe_Minesweeper_Master.c
JimMeyering_isdir.c
gleiz_Picking_Up_Chicks.c
JimMeyering_test-u32-is-titlecase.c
BrunoHaible_test-digit.c
akdee_Getting_the_Digits.c
DeomidRyabkov_esp_config.c
JimMeyering_test-u8-strcoll.c
JimMeyering_u16-normcoll.c
JimMeyering_test-yesno.c
JimMeyering_quote.c
Greggypoo_Numbers.c
hychen_Full_Binary_Tree.c
pratyay_GoroSort.c
DavidGarcia_version.c
CraigTiller_pollset_set_windows.c
BrunoHaible_test-spawn-pipe-child.c
ia0_Haircut.c
alsoba_Cookie_Clicker_Alpha.c
daybreakcx_Stable_Neigh-bors.c
Bounciness_Bot_Trust.c
JimMeyering_strncasecmp.c
JimMeyering_dprintf.c
MarianoAlvira_printf.c
JimMeyering_u32-casefold.c
Smithers_Multi-base_happiness.c
LayCurse_Juice.c
JimMeyering_test-u8-cpy.c
DeomidRyabkov_netio.c
xylo_Tidy_Numbers.c
BrunoHaible_test-bidi_name.c
bkoropoff_raise.c
PaulEggert_xstrtold.c
JimMeyering_test-sys_time.c
BrunoHaible_test-joininggroup_byname.c
BrunoHaible_test-u16-strstr.c
lbackstrom_Rotate.c
rseto_strlcpy.c
PaulEggert_ftoastr.c
JimMeyering_timegm.c
AdamDunkels_sp-puts.c
stubbscroll_Fashion_Show.c
chuckl0416_Standing_Ovation.c
mouser_Welcome_to_Code_Jam.c
tiagomt_Train_Timetable.c
JimMeyering_stpncpy.c
AdamDunkels_test-printf.c
JimMeyering_u16-u16-vasprintf.c
GeorgeOikonomou_watchdog.c
AdamDunkels_uart1-putchar.c
Hiroshi_Snapper_Chain.c
lbackstrom_Theme_Park.c
chiguri_Typewriter_Monkey.c
sdchikorde_Revenge_of_the_Pancakes.c
daybreakcx_Oversized_Pancake_Flipper.c
bkoropoff_showdb.c
Eeyore_Magicka.c
bkoropoff_iconv_no_i18n.c
BrunoHaible_xstrtoll.c
Cyker_GoroSort.c
AntonioLignan_uart0.c
JimMeyering_strcasecmp.c
RobertOlsson_adc.c
EricBlake_sig2str.c
JimMeyering_hash-triple.c
JimMeyering_test-safe-alloc.c
BrunoHaible_test-bidi_byname.c
Konrad127123_Reordering_Train_Cars.c
Tjandra_Technobabble.c
ditsing_Magicka.c
SreeKuchibhotla_h2_full+pipe.c
Hearson_Collecting_Cards.c
JimMeyering_mbstok_r.c
JimMeyering_u32-strcpy.c
JimMeyering_xmemdup0.c
JonasOlsson_putchar.c
eduardische_Bacteria.c
PetrosN_BFFs.c
qxect_Tide_Goes_In_Tide_Goes_Out.c
qxect_Dancing_With_the_Googlers.c
BrunoHaible_test-joiningtype_byname.c
Yao_Your_Rank_is_Pure.c
darkraven_Snapper_Chain.c
yey177_Falling_Diamonds.c
JimMeyering_hard-locale.c
Tjandra_Full_Binary_Tree.c
JimMeyering_test-sys_utsname.c
AndreasDröscher_syscalls.c
hedonist_Tide_Goes_In_Tide_Goes_Out.c
JimMeyering_test-truncf-ieee.c
bkoropoff_dcethread_send.c
M.Hafez_Coin_Jam.c
Yao_Equal_Sums.c
pychen_Revenge_of_the_Hot_Dogs.c
MarianoAlvira_gpio.c
ksb_uip-log.c
JimMeyering_test-u16-strcoll.c
nzqrc_Tidy_Numbers.c
htamas_Bot_Trust.c
daybreakcx_BFFs.c
BenoîtThébaudeau_nvic.c
tgoulart_Crossing_the_Road.c
sgtlaugh_Counting_Sheep.c
goober_Dancing_With_the_Googlers.c
chiguri_Haircut.c
eduardische_RPI.c
JimMeyering_readlinkat.c
AdamDunkels_symtab.c
MarcoGrella_uart.c
CraigTiller_tcp_server_posix.c
akdee_Close_Match.c
BrunoHaible_careadlinkat.c
JimMeyering_read-file.c
gleiz_Equal_Sums.c
ditsing_Candy_Splitting.c
DeomidRyabkov_mg_lwip_net_if.c
JimMeyering_u16-normcmp.c
darkraven_FreeCell_Statistics.c
peterpan_Theme_Park.c
EnricoJoerns_arg.c
CraigTiller_openssl-alpn.c
Backspe_Hiking_Deer.c
LarsSchmertmann_res-light.c
JanTattermusch_resolve_address_uv.c
goober_Out_of_Gas.c
Noble.Mushtak_Fresh_Chocolate.c
daybreakcx_Magicka.c
caf_Password_Problem.c
AdamDunkels_cc2420-arch.c
dahlukeh_Fair_and_Square.c
yshuiv7_The_Repeater.c
yey177_The_Bored_Traveling_Salesman.c
pychen_Square_Tiles.c
BrunoHaible_rpathy.c
JimMeyering_u8-normalize.c
JimMeyering_test-u32-grapheme-prev.c
LayCurse_Milkshakes.c
JimMeyering_test-u16-cmp2.c
supremeedible_Cookie_Clicker_Alpha.c
JimMeyering_ulc-printf-parse.c
JimMeyering_fileblocks.c
yemelitc_Rank_and_File.c
daybreakcx_Close_Match.c
JimMeyering_mkdir-p.c
darkraven_GoroSort.c
JimMeyering_u16-u16-vsprintf.c
s.max_Cruise_Control.c
JimMeyering_xreadlinkat.c
darkraven_Safety_in_Numbers.c
MichaelLeMay_newlib-syscalls.c
JimMeyering_selinux-at.c
ksb_dbg-putchar.c
JimMeyering_test-u16-is-cased.c
MarianoAlvira_mc1322x-load.c
SimonJosefsson_base64.c
JimMeyering_sha1.c
nzqrc_Bathroom_Stalls.c
JimMeyering_u32-casemap.c
rali_osconfig.c
BrunoHaible_test-isinf.c
JimMeyering_mkostemps.c
JimMeyering_u8-strncpy.c
JimMeyering_test-fprintf-posix2.c
BrunoHaible_test-decdigit.c
RobertOlsson_bme280.c
Konrad127123_Falling_Diamonds.c
AdamDunkels_linuxradio-drv.c
JimMeyering_test-netinet_in.c
DeomidRyabkov_wince_libc.c
SimonDuquennoy_tsch-rpl.c
JimMeyering_strpbrk.c
trainsick_Tic-Tac-Toe-Tomek.c
AdamDunkels_http-user-agent-string.c
JimMeyering_u8-strlen.c
CORPkstemen_rpc_commondata.c
JimMeyering_idpriv-droptemp.c
CraigTiller_ev_epollsig_linux_test.c
bkoropoff_memmove.c
kawatea_Aerobics.c
Tjandra_Deceitful_War.c
Vitaliy_Revenge_of_the_Hot_Dogs.c
akdee_Fractiles.c
kawatea_FreeCell_Statistics.c
tgoulart_Snapper_Chain.c
DeomidRyabkov_mg_lwip_ssl_if.c
JimMeyering_u8-prefix-context.c
BrunoHaible_test-combiningclass_name.c
stubbscroll_Technobabble.c
JimMeyering_u16-u16-asnprintf.c
goober_GoroSort.c
Vitaliy_Irregular_Cakes.c
JimMeyering_u32-asnprintf.c
kingbird_Speaking_in_Tongues.c
JimMeyering_mbrtowc.c
BrunoHaible_test-joininggroup_name.c
stubbscroll_World_Cup_2010.c
JimMeyering_test-argv-iter.c
alan790712_Candy_Splitting.c
DeomidRyabkov_test_atcacert_der_length_runner.c
JimMeyering_test-u8-chr.c
darkraven_Candy_Splitting.c
YuxuanLi_memory_usage_test.c
zeosutt_Magic_Trick.c
JimMeyering_u8-ct-casefold.c
AdamDunkels_test-scanf.c
BrunoHaible_wmemchr.c
LayCurse_Portal.c
BrunoHaible_test-sys_types.c
LayCurse_A_Digging_Problem.c
JimMeyering_readtokens0.c
Hiroshi_Decision_Tree.c
daybreakcx_Candy_Splitting.c
YuchenZeng_log_windows.c
JimMeyering_test-u32-nfkd.c
BrunoHaible_float.c
Yao_Safety_in_Numbers.c
float_Bot_Trust.c
JimMeyering_hmac-md5.c
Tjandra_Counting_Sheep.c
JimMeyering_random_r.c
SergeyLyubka_cc3200_pwm.c
rali_strlcpy.c
eduardische_World_Cup_2010.c
JimMeyering_test-xstrtoull.c
sgtlaugh_Rather_Perplexing_Showdown.c
JimMeyering_u32-strdup.c
gleiz_Password_Problem.c
JimMeyering_test-pipe-filter-gi2-child.c
BenoîtThébaudeau_aes.c
trainsick_Magic_Trick.c
bkoropoff_uilibmain.c
JimMeyering_isnanl.c
chiguri_Infinite_House_of_Pancakes.c
LayCurse_Dancing_With_the_Googlers.c
JimMeyering_test-isnanf-nolibm.c
Smithers_Making_Chess_Boards.c
darkraven_Number_Game.c
BenoîtThébaudeau_soc.c
CraigTiller_murmur_hash.c
alsoba_Standing_Ovation.c
JimMeyering_getdtablesize.c
Hirakendu_The_Killer_Word.c
JimMeyering_sprintf.c
SimonDuquennoy_slip-uart1.c
JimMeyering_xfreopen.c
stubbscroll_Dancing_With_the_Googlers.c
CraigTiller_murmur_hash_test.c
DeomidRyabkov_sl_fs_slfs.c
JimMeyering_test-u16-conv-from-enc.c
Baiger_Saving_the_Universe.c
LayCurse_Speaking_in_Tongues.c
AntonioLignan_tmp102.c
SimonDuquennoy_frame802154e-ie.c
mouser_Watersheds.c
LayCurse_Make_it_Smooth.c
JimMeyering_nfc.c
ketpdpoe_Cookie_Clicker_Alpha.c
bkoropoff_amigaos.c
PabloCorbalan_res-battery.c
alan790712_RPI.c
JimMeyering_u16-cpy-alloc.c
BrunoHaible_wcswidth.c
MarianoAlvira_asm.c
daybreakcx_Recycled_Numbers.c
Cyker_RPI.c
goober_Theme_Park.c
LevinLMKwong_Standing_Ovation.c
yemelitc_BFFs.c
htamas_The_Killer_Word.c
alan790712_Lawnmower.c
kenichi.t_Safety_in_Numbers.c
alan790712_Garbled_Email.c
AdamDunkels_cc2520-arch.c
BrunoHaible_test-sy_c_ident.c
JimMeyering_u16-stpncpy.c
s.max_Kingdom_Rush.c
JimMeyering_test-u8-normcoll.c
BenoîtThébaudeau_dbg.c
caf_The_Last_Word.c
JimMeyering_tocasefold.c
chuckl0416_Full_Binary_Tree.c
stubbscroll_FreeCell_Statistics.c
BrainSteel_Ratatouille.c
stubbscroll_Fractiles.c
JimMeyering_getdelim.c
JimMeyering_dirname.c
PaulEggert_test-base64.c
EnricoJoerns_slip-arch.c
Vitaliy_Tide_Goes_In_Tide_Goes_Out.c
JimMeyering_u8-mbtouc-aux.c
Tjandra_Proper_Shuffle.c
JimMeyering_ceill.c
BrunoHaible_test-iswblank.c
ditsing_Square_Tiles.c
Hearson_Welcome_to_Code_Jam.c
dahlukeh_GoroSort.c
DavidKopf_spi.c
EricBlake_test-xstrtoul.c
xylo_Alphabet_Cake.c
Hearson_Crossing_the_Road.c
chuckl0416_Pegman.c
Backspe_Fractiles.c
JimMeyering_diacrit.c
JimMeyering_test-mbsstr3.c
CraigTiller_empty.c
AdamDunkels_libconio.c
pychen_Bot_Trust.c
bkoropoff_locale_charset.c
JimMeyering_test-u16-cpy.c
eduardische_GoroSort.c
Hirakendu_RPI.c
chiguri_Good_Luck.c
chiguri_Kingdom_Rush.c
ditsing_GoroSort.c
JimMeyering_test-localename.c
lbackstrom_Number_Game.c
ali.farzanrad_Core_Training.c
darkraven_Make_it_Smooth.c
peterpan_File_Fix-it.c
JimMeyering_u16-normalize.c
kenichi.t_Equal_Sums.c
YasuyukiTanaka_ringbufindex.c
JimMeyering_u8-cmp2.c
BenoîtThébaudeau_syscall.c
JimMeyering_u16-startswith.c
JimMeyering_u32-move.c
BrunoHaible_wcsncmp.c
stubbscroll_Pony_Express.c
ia0_Logging.c
DmitryFrank_mcp9808.c
fro11o_Tic-Tac-Toe-Tomek.c
ia0_Infinite_House_of_Pancakes.c
alan790712_Manage_your_Energy.c
JimMeyering_fsync.c
stubbscroll_Bullseye.c
KennyKwok_Welcome_to_Code_Jam.c
IanMartin_contiki-uart.c
ali.farzanrad_Stable_Neigh-bors.c
getting whitespace features...
pratyay_RPI.c... finished
JimMeyering_u8-conv-from-enc.c... finished
MarianoAlvira_u1u2-loopback.c... finished
MarianoAlvira_rtc.c... finished
M.Hafez_BFFs.c... finished
JimMeyering_safe-read.c... finished
DeomidRyabkov_netifapi.c... finished
eduardische_Rotate.c... finished
JimMeyering_test-freadable.c... finished
JimMeyering_test-u32-width-linebreaks.c... finished
chiguri_Deceitful_War.c... finished
bkoropoff_opensock.c... finished
Berry_Kingdom_Rush.c... finished
BrunoHaible_test-fprintf-posix3.c... finished
JimMeyering_test-priv-set.c... finished
s.max_Dancing_With_the_Googlers.c... finished
chuckl0416_Cookie_Clicker_Alpha.c... finished
Konrad127123_Kiddie_Pool.c... finished
LastLeaf_Recycled_Numbers.c... finished
alan790712_Tide_Goes_In_Tide_Goes_Out.c... finished
Ullyses_Senate_Evacuation.c... finished
JimMeyering_mpsort.c... finished
JimMeyering_test-u32-strchr.c... finished
HenryW_Ugly_Numbers.c... finished
JimMeyering_test-u32-mbtouc-unsafe.c... finished
chiguri_Logging.c... finished
JimMeyering_u8-stpncpy.c... finished
tgoulart_Your_Rank_is_Pure.c... finished
BrunoHaible_acosl.c... finished
stubbscroll_Make_it_Smooth.c... finished
OliverSchmidt_mtarch.c... finished
JimMeyering_test-getndelim2.c... finished
JimMeyering_mkstemp-safer.c... finished
hobermallow_Revenge_of_the_Pancakes.c... finished
darkraven_Bot_Trust.c... finished
JimMeyering_filevercmp.c... finished
JimMeyering_test-calloc-gnu.c... finished
zBard_The_Killer_Word.c... finished
hychen_Logging.c... finished
Hiroshi_Multi-base_happiness.c... finished
JimMeyering_test-sha1.c... finished
BenoîtThébaudeau_noncoresec.c... finished
LevinLMKwong_Haircut.c... finished
dave.t_Getting_the_Digits.c... finished
yshuiv7_Deceitful_War.c... finished
DeomidRyabkov_atcacert_der.c... finished
boboo_Center_of_Mass.c... finished
PaulEggert_allocator.c... finished
bkoropoff_setproctitle.c... finished
DaniJVaz_World_Cup_2010.c... finished
JimMeyering_u32-u32-snprintf.c... finished
wxqy_Decision_Tree.c... finished
NGG_GoroSort.c... finished
YuchenZeng_tmpfile_windows.c... finished
JensDede_uart0-putchar.c... finished
JimMeyering_test-u8-strncat.c... finished
Vitaliy_Treasure.c... finished
LayCurse_Hall_of_Mirrors.c... finished
alan790712_Kingdom_Rush.c... finished
LayCurse_Alien_Language.c... finished
JimMeyering_u16-set.c... finished
JimMeyering_test-md2.c... finished
goober_Making_Chess_Boards.c... finished
JimMeyering_grantpt.c... finished
BrunoHaible_u8-strstr.c... finished
JimMeyering_c-strtod.c... finished
JimMeyering_test-u32-strconv-from-enc.c... finished
JimMeyering_test-u32-strconv-to-enc.c... finished
AntonioLignan_antenna-sw.c... finished
stubbscroll_The_Bored_Traveling_Salesman.c... finished
hychen_Minesweeper_Master.c... finished
IanMartin_uart0.c... finished
eduardische_Mystery_Square.c... finished
JimMeyering_test-parse-duration.c... finished
qxect_Hall_of_Mirrors.c... finished
tatuyan_Fashion_Show.c... finished
PereTuset_antenna.c... finished
chuckl0416_Deceitful_War.c... finished
tiagomt_Minimum_Scalar_Product.c... finished
ketpdpoe_Minesweeper_Master.c... finished
JimMeyering_isdir.c... finished
gleiz_Picking_Up_Chicks.c... finished
JimMeyering_test-u32-is-titlecase.c... finished
BrunoHaible_test-digit.c... finished
akdee_Getting_the_Digits.c... finished
DeomidRyabkov_esp_config.c... finished
JimMeyering_test-u8-strcoll.c... finished
JimMeyering_u16-normcoll.c... finished
JimMeyering_test-yesno.c... finished
JimMeyering_quote.c... finished
Greggypoo_Numbers.c... finished
hychen_Full_Binary_Tree.c... finished
pratyay_GoroSort.c... finished
DavidGarcia_version.c... finished
CraigTiller_pollset_set_windows.c... finished
BrunoHaible_test-spawn-pipe-child.c... finished
ia0_Haircut.c... finished
alsoba_Cookie_Clicker_Alpha.c... finished
daybreakcx_Stable_Neigh-bors.c... finished
Bounciness_Bot_Trust.c... finished
JimMeyering_strncasecmp.c... finished
JimMeyering_dprintf.c... finished
MarianoAlvira_printf.c... finished
JimMeyering_u32-casefold.c... finished
Smithers_Multi-base_happiness.c... finished
LayCurse_Juice.c... finished
JimMeyering_test-u8-cpy.c..Hearson_The_Next_Number.c... finished
PaulEggert_openat-die.c... finished
courtesy_Treasure.c... finished
LayCurse_Watersheds.c... finished
DeomidRyabkov_cs_frbuf.c... finished
JimMeyering_strtoll.c... finished
eduardische_Perpetual_Motion.c... finished
float_GoroSort.c... finished
BrunoHaible_test-combiningclass.c... finished
CraigTiller_performance_test.c... finished
daybreakcx_Counting_Sheep.c... finished
AdamDunkels_ds2411.c... finished
tiagomt_Triangle_Areas.c... finished
JimMeyering_test-roundf-ieee.c... finished
float_Magicka.c... finished
JimMeyering_u8-strnlen.c... finished
LayCurse_GoroSort.c... finished
Yao_Bot_Trust.c... finished
JimMeyering_u32-is-cased.c... finished
PaulEggert_ldtoastr.c... finished
darkraven_Out_of_Gas.c... finished
BrunoHaible_wcsstr.c... finished
daybreakcx_Dancing_With_the_Googlers.c... finished
BenoîtThébaudeau_minileds.c... finished
JimMeyering_getlogin.c... finished
BrunoHaible_test-ulc-width-linebreaks.c... finished
BrunoHaible_fsusage.c... finished
JimMeyering_ulc-vsprintf.c... finished
BillyKozak_contiki-watchdog.c... finished
ketpdpoe_The_Repeater.c... finished
BrunoHaible_mbsrtowcs.c... finished
JimMeyering_test-u16-asnprintf1.c... finished
JulienBoeuf_string_test.c... finished
JimMeyering_u32-strcoll.c... finished
RémyLéone_hal_lcd_fonts.c... finished
darkraven_Elegant_Diamond.c... finished
JimMeyering_u32-casexfrm.c... finished
Konrad127123_Magic_Trick.c... finished
caf_BFFs.c... finished
zeosutt_Revenge_of_the_Pancakes.c... finished
JimMeyering_test-mbscasestr3.c... finished
JimMeyering_locale-language.c... finished
ali.farzanrad_Parenting_Partnering.c... finished
hychen_Standing_Ovation.c... finished
BrunoHaible_wcscmp.c... finished
yshuiv7_Full_Binary_Tree.c... finished
lbackstrom_Rotate.c... finished
rseto_strlcpy.c... finished
PaulEggert_ftoastr.c... finished
JimMeyering_timegm.c... finished
AdamDunkels_sp-puts.c... finished
stubbscroll_Fashion_Show.c... finished
chuckl0416_Standing_Ovation.c... finished
mouser_Welcome_to_Code_Jam.c... finished
tiagomt_Train_Timetable.c... finished
JimMeyering_stpncpy.c... finished
AdamDunkels_test-printf.c... finished
JimMeyering_u16-u16-vasprintf.c... finished
GeorgeOikonomou_watchdog.c... finished
AdamDunkels_uart1-putchar.c... finished
Hiroshi_Snapper_Chain.c... finished
lbackstrom_Theme_Park.c... finished
chiguri_Typewriter_Monkey.c... finished
sdchikorde_Revenge_of_the_Pancakes.c... finished
daybreakcx_Oversized_Pancake_Flipper.c... finished
bkoropoff_showdb.c... finished
Eeyore_Magicka.c... finished
bkoropoff_iconv_no_i18n.c... finished
BrunoHaible_xstrtoll.c... finished
Cyker_GoroSort.c... finished
AntonioLignan_uart0.c... finished
JimMeyering_strcasecmp.c... finished
RobertOlsson_adc.c... finished
EricBlake_sig2str.c... finished
JimMeyering_hash-triple.c... finished
JimMeyering_test-safe-alloc.c... finished
BrunoHaible_test-bidi_byname.c... finished
Konrad127123_Reordering_Train_Cars.c... finished
Tjandra_Technobabble.c... finished
ditsing_Magicka.c... finished
SreeKuchibhotla_h2_full+pipe.c... finished
Hearson_Collecting_Cards.c... finished
JimMeyering_mbstok_r.c... finished
JimMeyering_u32-strcpy.c... finished
JimMeyering_xmemdup0.c... finished
JonasOlsson_putchar.c... finished
eduardische_Bacteria.c... finished
PetrosN_BFFs.c... finished
qxect_Tide_Goes_In_Tide_Goes_Out.c... finished
qxect_Dancing_With_the_Googlers.c... finished
BrunoHaible_test-joiningtype_byname.c... finished
Yao_Your_Rank_is_Pure.c... finished
alan790712_Candy_Splitting.c... finished
DeomidRyabkov_test_atcacert_der_length_runner.c... finished
JimMeyering_test-u8-chr.c... finished
darkraven_Candy_Splitting.c... finished
YuxuanLi_memory_usage_test.c... finished
zeosutt_Magic_Trick.c... finished
JimMeyering_u8-ct-casefold.c... finished
AdamDunkels_test-scanf.c... finished
BrunoHaible_wmemchr.c... finished
LayCurse_Portal.c... finished
BrunoHaible_test-sys_types.c... finished
LayCurse_A_Digging_Problem.c... finished
JimMeyering_readtokens0.c... finished
Hiroshi_Decision_Tree.c... finished
daybreakcx_Candy_Splitting.c... finished
YuchenZeng_log_windows.cyangzhe1990_Your_Rank_is_Pure.c... finished
JimMeyering_u8-vasnprintf.c... finished
alan790712_Diamond_Inheritance.c... finished
EricBlake_nonblocking.c... finished
JimMeyering_test-u32-strncpy.c... finished
AdamDunkels_strncasecmp.c... finished
stubbscroll_Number_Game.c... finished
AntonioLignan_board.c... finished
dahlukeh_Minesweeper_Master.c... finished
BrunoHaible_test-nonblocking-socket-child.c... finished
SergeyLyubka_umm_malloc_test.c... finished
NicolasPixel_openssl-npn.c... finished
EricBlake_test-c-strcasestr.c... finished
JimMeyering_getpagesize.c... finished
rali_xmalloc.c... finished
NicolasPixel_sigfw.c... finished
hychen_Magic_Trick.c... finished
JimMeyering_test-u32-vasnprintf3.c... finished
JimMeyering_fwriteerror.c... finished
Smithers_Alien_Language.c... finished
CraigTiller_tcp_client_posix.c... finished
kenichi.t_Password_Problem.c... finished
DeomidRyabkov_esp_libc.c... finished
JimMeyering_u32-u32-asnprintf.c... finished
CraigTiller_gen_hpack_tables.c... finished
JimMeyering_u8-printf-parse.c... finished
JimMeyering_u16-cmp2.c... finished
hychen_Password_Problem.c... finished
LayCurse_Airport_Walkways.c... finished
kawatea_Square_Tiles.c... finished
BrunoHaible_freadptr.c... finished
Berry_Lawnmower.c... finished
caf_Speaking_in_Tongues.c... finished
JimMeyering_ino-map.c... finished
stubbscroll_Oversized_Pancake_Flipper.c... finished
JimMeyering_test-search.c... finished
courtesy_Osmos.c... finished
SimonDuquennoy_petsciiconv.c... finished
rali_LPdir_wince.c... finished
JimMeyering_test-decomposing-form.c... finished
JimMeyering_mkdtemp.c... finished
Backspe_Technobabble.c... finished
CORPkstemen_cmac_prf.c... finished
JimMeyering_filenamecat-lgpl.c... finished
Ullyses_Rank_and_File.c... finished
PaulEggert_dtoastr.c... finished
eduardische_Stock_Charts.c... finished
BrunoHaible_xstrtoull.c... finished
CraigTiller_workqueue_uv.c... finished
JimMeyering_u8-strdup.c... finished
LayCurse_Magicka.c... finished
AdamDunkels_print-stats.c... finished
JimMeyering_u32-asprintf.c... finished
hobermallow_The_Last_Word.c... finished
JimMeyering_u16-casecoll.c... finished
MarianoAlvira_uart1.c... finished
ksb_dbg-puts.c... finished
sdchikorde_Coin_Jam.c... finished
yey177_New_Lottery_Game.c... finished
EricBlake_pipe2.c... finished
JimMeyering_rename.c... finished
JimMeyering_argp-pin.c... finished
rickxu_Multi-base_happiness.c... finished
Tjandra_The_Repeater.c... finished
JimMeyering_raise.c... finished
DeomidRyabkov_stm32_mgos_main.c... finished
DeomidRyabkov_hal_linux_timer.c... finished
JimMeyering_test-u32-wordbreaks.c... finished
JimMeyering_ulc-grapheme-breaks.c... finished
darkraven_Snapper_Chain.c... finished
yey177_Falling_Diamonds.c... finished
JimMeyering_hard-locale.c... finished
Tjandra_Full_Binary_Tree.c... finished
JimMeyering_test-sys_utsname.c... finished
AndreasDröscher_syscalls.c... finished
hedonist_Tide_Goes_In_Tide_Goes_Out.c... finished
JimMeyering_test-truncf-ieee.c... finished
bkoropoff_dcethread_send.c... finished
M.Hafez_Coin_Jam.c... finished
Yao_Equal_Sums.c... finished
pychen_Revenge_of_the_Hot_Dogs.c... finished
MarianoAlvira_gpio.c... finished
ksb_uip-log.c... finished
JimMeyering_test-u16-strcoll.c... finished
nzqrc_Tidy_Numbers.c... finished
htamas_Bot_Trust.c... finished
daybreakcx_BFFs.c... finished
BenoîtThébaudeau_nvic.c... finished
tgoulart_Crossing_the_Road.c... finished
sgtlaugh_Counting_Sheep.c... finished
goober_Dancing_With_the_Googlers.c... finished
chiguri_Haircut.c... finished
ksb_dbg-putchar.c... finished
JimMeyering_test-u16-is-cased.c... finished
MarianoAlvira_mc1322x-load.c... finished
SimonJosefsson_base64.c... finished
JimMeyering_sha1.c... finished
nzqrc_Bathroom_Stalls.c... finished
JimMeyering_u32-casemap.c... finished
rali_osconfig.c... finished
BrunoHaible_test-isinf.c... finished
JimMeyering_mkostemps.c... finished
JimMeyering_u8-strncpy.c... finished
JimMeyering_test-fprintf-posix2.c... finished
BrunoHaible_test-decdigit.c... finished
RobertOlsson_bme280.c... finished
Konrad127123_Falling_Diamonds.c... finished
AdamDunkels_linuxradio-drv.c...Smithers_Elegant_Diamond.c... finished
NiclasFinne_leds-arch.c... finished
dahlukeh_Candy_Splitting.c... finished
AdamDunkels_symtab-avr.c... finished
JimMeyering_test-u16-nfd.c... finished
JimMeyering_test-u32-conv-to-enc.c... finished
Berry_Falling_Diamonds.c... finished
JimMeyering_u32-strncpy.c... finished
JimMeyering_test-sockets.c... finished
JimMeyering_sigprocmask.c... finished
GeorgeOikonomou_putchar.c... finished
JimMeyering_test-vsnprintf-posix.c... finished
CraigTiller_env_test.c... finished
hobermallow_Getting_the_Digits.c... finished
BrainSteel_Getting_the_Digits.c... finished
JimMeyering_test-mbscasestr4.c... finished
AdamDunkels_loader-arch.c... finished
LayCurse_How_Big_Are_the_Pockets?.c... finished
tigabunnie_Revenge_of_the_Hot_Dogs.c... finished
Yao_Pseudominion.c... finished
CraigTiller_server1_key.c... finished
Baiger_Numbers.c... finished
lbackstrom_PermRLE.c... finished
ketpdpoe_Reordering_Train_Cars.c... finished
BrunoHaible_test-mbrtowc-w32.c... finished
Backspe_Infinite_House_of_Pancakes.c... finished
JimMeyering_test-isnand.c... finished
AdamDunkels_ihx2bin.c... finished
yemelitc_Close_Match.c... finished
RodrigoBurgos_Cheating_a_Boolean_Tree.c... finished
nzqrc_Ratatouille.c... finished
alsoba_Deceitful_War.c... finished
darkraven_Speaking_in_Tongues.c... finished
Konrad127123_Lawnmower.c... finished
JimMeyering_u8-sprintf.c... finished
fqq11679_Multi-base_happiness.c... finished
stubbscroll_Cookie_Clicker_Alpha.c... finished
Backspe_Counting_Sheep.c... finished
YuchenZeng_string_windows.c... finished
alan790712_GoroSort.c... finished
JimMeyering_test-u16-normcoll.c... finished
Smithers_Crossing_the_Road.c... finished
Vitaliy_Dancing_With_the_Googlers.c... finished
JimMeyering_test-idpriv-drop.c... finished
JimMeyering_test-closein.c... finished
Hirakendu_Candy_Splitting.c... finished
AdamDunkels_cc2420-arch.c... finished
dahlukeh_Fair_and_Square.c... finished
yshuiv7_The_Repeater.c... finished
yey177_The_Bored_Traveling_Salesman.c... finished
pychen_Square_Tiles.c... finished
BrunoHaible_rpathy.c... finished
JimMeyering_u8-normalize.c... finished
JimMeyering_test-u32-grapheme-prev.c... finished
LayCurse_Milkshakes.c... finished
JimMeyering_test-u16-cmp2.c... finished
supremeedible_Cookie_Clicker_Alpha.c... finished
JimMeyering_ulc-printf-parse.c... finished
JimMeyering_fileblocks.c... finished
yemelitc_Rank_and_File.c... finished
daybreakcx_Close_Match.c... finished
JimMeyering_mkdir-p.c... finished
darkraven_GoroSort.c... finished
JimMeyering_u16-u16-vsprintf.c... finished
s.max_Cruise_Control.c... finished
JimMeyering_xreadlinkat.c... finished
darkraven_Safety_in_Numbers.c... finished
MichaelLeMay_newlib-syscalls.c... finished
JimMeyering_selinux-at.c... finished
CORPkstemen_rpc_commondata.c... finished
JimMeyering_idpriv-droptemp.c... finished
CraigTiller_ev_epollsig_linux_test.c... finished
bkoropoff_memmove.c... finished
kawatea_Aerobics.c... finished
Tjandra_Deceitful_War.c... finished
Vitaliy_Revenge_of_the_Hot_Dogs.c... finished
akdee_Fractiles.c... finished
kawatea_FreeCell_Statistics.c... finished
tgoulart_Snapper_Chain.c... finished
DeomidRyabkov_mg_lwip_ssl_if.c... finished
JimMeyering_u8-prefix-context.c... finished
BrunoHaible_test-combiningclass_name.c... finished
stubbscroll_Technobabble.c... finished
JimMeyering_u16-u16-asnprintf.c... finished
goober_GoroSort.c... finished
Vitaliy_Irregular_Cakes.c... finished
JimMeyering_u32-asnprintf.c... finished
kingbird_Speaking_in_Tongues.c... finished
JimMeyering_mbrtowc.c... finished
BrunoHaible_test-joininggroup_name.c... finished
stubbscroll_World_Cup_2010.c... finished
JimMeyering_test-argv-iter.c... finished
KennyKwok_Welcome_to_Code_Jam.c... finished
IanMartin_contiki-uart.c... finished
ali.farzanrad_Stable_Neigh-bors.c... finished
stubbscroll_Candy_Splitting.c... finished
Konrad127123_Fair_and_Square.c... finished
JimMeyering_test-freadptr2.c... finished
JensDede_uart1-putchar.c... finished
BrunoHaible_setenv.c... finished
JimMeyering_memchr2.c... finished
JimMeyering_test-composition.c... finished
bkoropoff_dcethread_detach.c... finished
BrunoHaible_joiningtype_name.c... finished
SreeKuchibhotla_client_ssl.c... finished
BrunoHaible_open.c... finished
JimMeyering_printf-frexpl.c... finished
SergeyLyubka_pic32_net_if.c... finished
DeomidRyabkov_sl_ssl_if.c... finished
M.Hafez_Revenge_of_the_Pancakes.c... finished
fqq11679_Crazy_Rows.c... finished
JimMeyering_test-floor2.c... finished
JimMeyering_asnprintf.c... finished
DeomidRyabkov_init.c... finished
Eeyore_House_of_Kittens.c... finished
OliverSchmidt_htmlparser.c... finished
eduardische_Number_Game.c... finished
JimMeyering_u32-vsnprintf.c... finished
SimonDuquennoy_slip-uart1.c... finished
JimMeyering_xfreopen.c... finished
stubbscroll_Dancing_With_the_Googlers.c... finished
CraigTiller_murmur_hash_test.c... finished
DeomidRyabkov_sl_fs_slfs.c... finished
JimMeyering_test-u16-conv-from-enc.c... finished
Baiger_Saving_the_Universe.c... finished
LayCurse_Speaking_in_Tongues.c... finished
AntonioLignan_tmp102.c... finished
SimonDuquennoy_frame802154e-ie.c... finished
mouser_Watersheds.c... finished
LayCurse_Make_it_Smooth.c... finished
JimMeyering_nfc.c... finished
ketpdpoe_Cookie_Clicker_Alpha.c... finished
bkoropoff_amigaos.c... finished
PabloCorbalan_res-battery.c... finished
alan790712_RPI.c... finished
JimMeyering_u16-cpy-alloc.c... finished
BrunoHaible_wcswidth.c... finished
MarianoAlvira_asm.c... finished
daybreakcx_Recycled_Numbers.c... finished
Cyker_RPI.c... finished
goober_Theme_Park.c... finished
... finished
JimMeyering_test-u32-nfkd.c... finished
BrunoHaible_float.c... finished
Yao_Safety_in_Numbers.c... finished
float_Bot_Trust.c... finished
JimMeyering_hmac-md5.c... finished
Tjandra_Counting_Sheep.c... finished
JimMeyering_random_r.c... finished
chiguri_Kingdom_Rush.c... finished
ditsing_GoroSort.c... finished
JimMeyering_test-localename.c... finished
lbackstrom_Number_Game.c... finished
ali.farzanrad_Core_Training.c... finished
darkraven_Make_it_Smooth.c... finished
peterpan_File_Fix-it.c... finished
JimMeyering_u16-normalize.c... finished
kenichi.t_Equal_Sums.c... finished
YasuyukiTanaka_ringbufindex.c... finished
JimMeyering_u8-cmp2.c... finished
BenoîtThébaudeau_syscall.c... finished
JimMeyering_u16-startswith.c... finished
JimMeyering_u32-move.c... finished
BrunoHaible_wcsncmp.c... finished
stubbscroll_Pony_Express.c... finished
ia0_Logging.c... finished
DmitryFrank_mcp9808.c... finished
fro11o_Tic-Tac-Toe-Tomek.c... finished
ia0_Infinite_House_of_Pancakes.c... finished
alan790712_Manage_your_Energy.c... finished
JimMeyering_fsync.c... finished
stubbscroll_Bullseye.c... finished
JimMeyering_test-mbschr.c... finished
hedonist_Cruise_Control.c... finished
JimMeyering_cond.c... finished
Vitaliy_Erdős–Szekeres.c... finished
s.max_Recycled_Numbers.c... finished
JimMeyering_test-vasnprintf-posix2.c... finished
chiguri_Less_Money_More_Problems.c... finished
goober_Numbers.c... finished
BrunoHaible_test-sy_java_ident.c... finished
eduardische_Crazy_Rows.c... finished
DmitryFrank_app.c... finished
wxqy_Collecting_Cards.c... finished
sdchikorde_BFFs.c... finished
yangzhe1990_Snapper_Chain.c... finished
stubbscroll_Treasure.c... finished
kingbird_Safety_in_Numbers.c... finished
JimMeyering_test-ceilf2.c... finished
bkoropoff_signal.c... finished
darkraven_Tide_Goes_In_Tide_Goes_Out.c... finished
JimMeyering_test-iconv-h.c... finished
JimMeyering_imaxabs.c... finished
Vitaliy_Deceitful_War.c... finished
AdamDunkels_node-id.c... finished
JimMeyering_u32-strtok.c... finished
Vitaliy_Data_Packing.c... finished
stubbscroll_Alien_Language.c... finished
chiguri_Speaking_in_Tongues.c... finished
htamas_Magicka.c... finished
kawatea_Candy_Splitting.c... finished
pychen_Candy_Splitting.c... finished
DeomidRyabkov_autoip.c... finished
BenoîtThébaudeau_ecb.c... finished
Eeyore_Revenge_of_the_Hot_Dogs.c... finished
JimMeyering_test-fwritable.c... finished
alsoba_Counting_Sheep.c... finished
CraigTiller_timer_list_test.c... finished
JimMeyering_test-u32-nfkc.c... finished
IanMartin_slip-arch.c... finished
stubbscroll_Crossing_the_Road.c... finished
ditsing_Bot_Trust.c... finished
JimMeyering_exitfail.c... finished
JimMeyering_roundl.c... finished
BrunoHaible_wmemset.c... finished
stubbscroll_Theme_Park.c... finished
goober_Hall_of_Mirrors.c... finished
pratyay_Revenge_of_the_Hot_Dogs.c... finished
eduardische_RPI.c... finished
JimMeyering_readlinkat.c... finished
AdamDunkels_symtab.c... finished
MarcoGrella_uart.c... finished
CraigTiller_tcp_server_posix.c... finished
akdee_Close_Match.c... finished
BrunoHaible_careadlinkat.c... finished
JimMeyering_read-file.c... finished
gleiz_Equal_Sums.c... finished
ditsing_Candy_Splitting.c... finished
DeomidRyabkov_mg_lwip_net_if.c... finished
JimMeyering_u16-normcmp.c... finished
darkraven_FreeCell_Statistics.c... finished
peterpan_Theme_Park.c... finished
EnricoJoerns_arg.c... finished
CraigTiller_openssl-alpn.c... finished
Backspe_Hiking_Deer.c... finished
LarsSchmertmann_res-light.c... finished
JanTattermusch_resolve_address_uv.c... finished
goober_Out_of_Gas.c... finished
Noble.Mushtak_Fresh_Chocolate.c... finished
daybreakcx_Magicka.c... finished
caf_Password_Problem.c... finished
 finished
JimMeyering_test-netinet_in.c... finished
DeomidRyabkov_wince_libc.c... finished
SimonDuquennoy_tsch-rpl.c... finished
JimMeyering_strpbrk.c... finished
trainsick_Tic-Tac-Toe-Tomek.c... finished
AdamDunkels_http-user-agent-string.c... finished
JimMeyering_u8-strlen.c... finished
JimMeyering_u32-ct-totitle.c... finished
CraigTiller_udp_server_test.c... finished
JimMeyering_test-u8-strconv-to-enc.c... finished
JimMeyering_u8-startswith.c... finished
IanMartin_write.c... finished
JimMeyering_u8-strcoll.c... finished
Backspe_Coin_Jam.c... finished
Baiger_Fly_Swatter.c... finished
DmitryFrank_cc3200_exc.c... finished
WojciechBober_dbg.c... finished
BrunoHaible_usey.c... finished
EricBlake_test-signal.c... finished
fro11o_Lawnmower.c... finished
Smithers_Collecting_Cards.c... finished
goober_Alien_Language.c... finished
AntonioLignan_ip64-eth-interface.c... finished
JimMeyering_test-u8-conv-to-enc.c... finished
BrunoHaible_unsetenv.c... finished
JimMeyering_test-u32-stpcpy.c... finished
tatuyan_Play_the_Dragon.c... finished
pratyay_Square_Tiles.c... finished
bkoropoff_error.c... finished
JimMeyering_expl.c... finished
DmitryFrank_startup_ccs.c... finished
CraigTiller_shadow.c... finished
Berry_Speaking_in_Tongues.c... finished
chuckl0416_Infinite_House_of_Pancakes.c... finished
JimMeyering_test-u8-stpcpy.c... finished
JimMeyering_test-iconvme.c... finished
stefanopascali_httpd-fsdata.c... finished
sao3_Text_Messaging_Outrage.c... finished
yangzhe1990_World_Cup_2010.c... finished
BrunoHaible_ioctl.c... finished
JimMeyering_ulc-common.c... finished
yey177_Cookie_Clicker_Alpha.c... finished
s.max_Speaking_in_Tongues.c... finished
chuckl0416_Enclosure.c... finished
JimMeyering_strchrnul.c... finished
bkoropoff_genaliases2.c... finished
chiguri_Dancing_With_the_Googlers.c... finished
rali_full_ipadr.c... finished
Vitaliy_Recycled_Numbers.c... finished
yangzhe1990_Picking_Up_Chicks.c... finished
stefanopascali_cfs-coffee-arch.c... finished
alan790712_Out_of_Gas.c... finished
Ullyses_Revenge_of_the_Pancakes.c... finished
. finished
DeomidRyabkov_netio.c... finished
xylo_Tidy_Numbers.c... finished
BrunoHaible_test-bidi_name.c... finished
bkoropoff_raise.c... finished
PaulEggert_xstrtold.c... finished
JimMeyering_test-sys_time.c... finished
BrunoHaible_test-joininggroup_byname.c... finished
BrunoHaible_test-u16-strstr.c... finished
SergeyLyubka_cc3200_pwm.c... finished
rali_strlcpy.c... finished
eduardische_World_Cup_2010.c... finished
JimMeyering_test-xstrtoull.c... finished
sgtlaugh_Rather_Perplexing_Showdown.c... finished
JimMeyering_u32-strdup.c... finished
gleiz_Password_Problem.c... finished
JimMeyering_test-pipe-filter-gi2-child.c... finished
BenoîtThébaudeau_aes.c... finished
trainsick_Magic_Trick.c... finished
bkoropoff_uilibmain.c... finished
JimMeyering_isnanl.c... finished
chiguri_Infinite_House_of_Pancakes.c... finished
LayCurse_Dancing_With_the_Googlers.c... finished
JimMeyering_test-isnanf-nolibm.c... finished
Smithers_Making_Chess_Boards.c... finished
darkraven_Number_Game.c... finished
BenoîtThébaudeau_soc.c... finished
CraigTiller_murmur_hash.c... finished
alsoba_Standing_Ovation.c... finished
JimMeyering_getdtablesize.c... finished
Hirakendu_The_Killer_Word.c... finished
JimMeyering_sprintf.c... finished
LevinLMKwong_Standing_Ovation.c... finished
yemelitc_BFFs.c... finished
htamas_The_Killer_Word.c... finished
alan790712_Lawnmower.c... finished
kenichi.t_Safety_in_Numbers.c... finished
alan790712_Garbled_Email.c... finished
AdamDunkels_cc2520-arch.c... finished
BrunoHaible_test-sy_c_ident.c... finished
JimMeyering_u16-stpncpy.c... finished
s.max_Kingdom_Rush.c... finished
JimMeyering_test-u8-normcoll.c... finished
BenoîtThébaudeau_dbg.c... finished
caf_The_Last_Word.c... finished
JimMeyering_tocasefold.c... finished
chuckl0416_Full_Binary_Tree.c... finished
stubbscroll_FreeCell_Statistics.c... finished
BrainSteel_Ratatouille.c... finished
stubbscroll_Fractiles.c... finished
JimMeyering_getdelim.c... finished
JimMeyering_dirname.c... finished
PaulEggert_test-base64.c... finished
EnricoJoerns_slip-arch.c... finished
Vitaliy_Tide_Goes_In_Tide_Goes_Out.c... finished
JimMeyering_u8-mbtouc-aux.c... finished
Tjandra_Proper_Shuffle.c... finished
JimMeyering_ceill.c... finished
BrunoHaible_test-iswblank.c... finished
ditsing_Square_Tiles.c... finished
Hearson_Welcome_to_Code_Jam.c... finished
dahlukeh_GoroSort.c... finished
DavidKopf_spi.c... finished
EricBlake_test-xstrtoul.c... finished
xylo_Alphabet_Cake.c... finished
Hearson_Crossing_the_Road.c... finished
chuckl0416_Pegman.c... finished
Backspe_Fractiles.c... finished
JimMeyering_diacrit.c... finished
JimMeyering_test-mbsstr3.c... finished
CraigTiller_empty.c... finished
AdamDunkels_libconio.c... finished
pychen_Bot_Trust.c... finished
bkoropoff_locale_charset.c... finished
JimMeyering_test-u16-cpy.c... finished
eduardische_GoroSort.c... finished
Hirakendu_RPI.c... finished
chiguri_Good_Luck.c... finished
eduardische_Center_of_Mass.c... finished
Tjandra_The_Bored_Traveling_Salesman.c... finished
alsoba_Getting_the_Digits.c... finished
hobermallow_Counting_Sheep.c... finished
fqq11679_Crossing_the_Road.c... finished
JimMeyering_vasprintf.c... finished
AdamDunkels_platform_prints.c... finished
CORPkstemen_keytab_local.c... finished
EricBlake_test-c-stack.c... finished
alsoba_Ominous_Omino.c... finished
BrunoHaible_dup3.c... finished
Vitaliy_Multiplayer_Pong.c... finished
NGG_Rope_Intranet.c... finished
JonasOlsson_fault-handlers.c... finished
CraigTiller_endpoint_pair_uv.c... finished
PaulEggert_utimens.c... finished
RémyLéone_debug-uart.c... finished
eduardische_A.I._War.c... finished
DeomidRyabkov_ip_frag.c... finished
dahlukeh_Proper_Shuffle.c... finished
stubbscroll_Infinite_House_of_Pancakes.c... finished
JimMeyering_u8-strcmp.c... finished
DeomidRyabkov_timers.c... finished
data: 4475 by 4768
getting all except whitespace...
Smithers_Elegant_Diamond.c
NiclasFinne_leds-arch.c
dahlukeh_Candy_Splitting.c
AdamDunkels_symtab-avr.c
JimMeyering_test-u16-nfd.c
JimMeyering_test-u32-conv-to-enc.c
Berry_Falling_Diamonds.c
JimMeyering_u32-strncpy.c
JimMeyering_test-sockets.c
JimMeyering_sigprocmask.c
GeorgeOikonomou_putchar.c
JimMeyering_test-vsnprintf-posix.c
CraigTiller_env_test.c
hobermallow_Getting_the_Digits.c
BrainSteel_Getting_the_Digits.c
JimMeyering_test-mbscasestr4.c
AdamDunkels_loader-arch.c
LayCurse_How_Big_Are_the_Pockets?.c
tigabunnie_Revenge_of_the_Hot_Dogs.c
Yao_Pseudominion.c
CraigTiller_server1_key.c
Baiger_Numbers.c
lbackstrom_PermRLE.c
Hearson_The_Next_Number.c
PaulEggert_openat-die.c
courtesy_Treasure.c
LayCurse_Watersheds.c
DeomidRyabkov_cs_frbuf.c
JimMeyering_strtoll.c
eduardische_Perpetual_Motion.c
float_GoroSort.c
BrunoHaible_test-combiningclass.c
CraigTiller_performance_test.c
daybreakcx_Counting_Sheep.c
AdamDunkels_ds2411.c
tiagomt_Triangle_Areas.c
JimMeyering_test-roundf-ieee.c
float_Magicka.c
JimMeyering_u8-strnlen.c
LayCurse_GoroSort.c
Yao_Bot_Trust.c
JimMeyering_u32-is-cased.c
PaulEggert_ldtoastr.c
darkraven_Out_of_Gas.c
BrunoHaible_wcsstr.c
daybreakcx_Dancing_With_the_Googlers.c
yangzhe1990_Your_Rank_is_Pure.c
JimMeyering_u8-vasnprintf.c
alan790712_Diamond_Inheritance.c
EricBlake_nonblocking.c
JimMeyering_test-u32-strncpy.c
AdamDunkels_strncasecmp.c
stubbscroll_Number_Game.c
AntonioLignan_board.c
dahlukeh_Minesweeper_Master.c
BrunoHaible_test-nonblocking-socket-child.c
SergeyLyubka_umm_malloc_test.c
NicolasPixel_openssl-npn.c
EricBlake_test-c-strcasestr.c
JimMeyering_getpagesize.c
rali_xmalloc.c
NicolasPixel_sigfw.c
hychen_Magic_Trick.c
JimMeyering_test-u32-vasnprintf3.c
JimMeyering_fwriteerror.c
Smithers_Alien_Language.c
CraigTiller_tcp_client_posix.c
kenichi.t_Password_Problem.c
DeomidRyabkov_esp_libc.c
JimMeyering_test-mbschr.c
hedonist_Cruise_Control.c
JimMeyering_cond.c
Vitaliy_Erdős–Szekeres.c
s.max_Recycled_Numbers.c
JimMeyering_test-vasnprintf-posix2.c
chiguri_Less_Money_More_Problems.c
goober_Numbers.c
BrunoHaible_test-sy_java_ident.c
eduardische_Crazy_Rows.c
DmitryFrank_app.c
wxqy_Collecting_Cards.c
sdchikorde_BFFs.c
yangzhe1990_Snapper_Chain.c
stubbscroll_Treasure.c
kingbird_Safety_in_Numbers.c
JimMeyering_test-ceilf2.c
bkoropoff_signal.c
darkraven_Tide_Goes_In_Tide_Goes_Out.c
JimMeyering_test-iconv-h.c
JimMeyering_imaxabs.c
Vitaliy_Deceitful_War.c
AdamDunkels_node-id.c
pratyay_RPI.c
JimMeyering_u8-conv-from-enc.c
MarianoAlvira_u1u2-loopback.c
MarianoAlvira_rtc.c
M.Hafez_BFFs.c
JimMeyering_safe-read.c
DeomidRyabkov_netifapi.c
eduardische_Rotate.c
JimMeyering_test-freadable.c
JimMeyering_test-u32-width-linebreaks.c
chiguri_Deceitful_War.c
bkoropoff_opensock.c
Berry_Kingdom_Rush.c
BrunoHaible_test-fprintf-posix3.c
JimMeyering_test-priv-set.c
s.max_Dancing_With_the_Googlers.c
chuckl0416_Cookie_Clicker_Alpha.c
Konrad127123_Kiddie_Pool.c
LastLeaf_Recycled_Numbers.c
alan790712_Tide_Goes_In_Tide_Goes_Out.c
Ullyses_Senate_Evacuation.c
JimMeyering_mpsort.c
JimMeyering_test-u32-strchr.c
JimMeyering_u32-ct-totitle.c
CraigTiller_udp_server_test.c
JimMeyering_test-u8-strconv-to-enc.c
JimMeyering_u8-startswith.c
IanMartin_write.c
JimMeyering_u8-strcoll.c
Backspe_Coin_Jam.c
Baiger_Fly_Swatter.c
DmitryFrank_cc3200_exc.c
WojciechBober_dbg.c
BrunoHaible_usey.c
EricBlake_test-signal.c
fro11o_Lawnmower.c
Smithers_Collecting_Cards.c
goober_Alien_Language.c
AntonioLignan_ip64-eth-interface.c
JimMeyering_test-u8-conv-to-enc.c
BrunoHaible_unsetenv.c
JimMeyering_test-u32-stpcpy.c
tatuyan_Play_the_Dragon.c
pratyay_Square_Tiles.c
bkoropoff_error.c
JimMeyering_expl.c
eduardische_Center_of_Mass.c
Tjandra_The_Bored_Traveling_Salesman.c
alsoba_Getting_the_Digits.c
hobermallow_Counting_Sheep.c
fqq11679_Crossing_the_Road.c
JimMeyering_vasprintf.c
AdamDunkels_platform_prints.c
CORPkstemen_keytab_local.c
EricBlake_test-c-stack.c
alsoba_Ominous_Omino.c
BrunoHaible_dup3.c
Vitaliy_Multiplayer_Pong.c
NGG_Rope_Intranet.c
JonasOlsson_fault-handlers.c
CraigTiller_endpoint_pair_uv.c
PaulEggert_utimens.c
RémyLéone_debug-uart.c
eduardische_A.I._War.c
DeomidRyabkov_ip_frag.c
dahlukeh_Proper_Shuffle.c
stubbscroll_Infinite_House_of_Pancakes.c
JimMeyering_u8-strcmp.c
DeomidRyabkov_timers.c
stubbscroll_Candy_Splitting.c
Konrad127123_Fair_and_Square.c
JimMeyering_test-freadptr2.c
JensDede_uart1-putchar.c
BrunoHaible_setenv.c
JimMeyering_memchr2.c
JimMeyering_test-composition.c
bkoropoff_dcethread_detach.c
BrunoHaible_joiningtype_name.c
SreeKuchibhotla_client_ssl.c
BrunoHaible_open.c
JimMeyering_printf-frexpl.c
SergeyLyubka_pic32_net_if.c
DeomidRyabkov_sl_ssl_if.c
M.Hafez_Revenge_of_the_Pancakes.c
fqq11679_Crazy_Rows.c
JimMeyering_test-floor2.c
JimMeyering_asnprintf.c
DeomidRyabkov_init.c
Eeyore_House_of_Kittens.c
OliverSchmidt_htmlparser.c
eduardische_Number_Game.c
JimMeyering_u32-vsnprintf.c
BenoîtThébaudeau_minileds.c
JimMeyering_getlogin.c
BrunoHaible_test-ulc-width-linebreaks.c
BrunoHaible_fsusage.c
JimMeyering_ulc-vsprintf.c
BillyKozak_contiki-watchdog.c
ketpdpoe_The_Repeater.c
BrunoHaible_mbsrtowcs.c
JimMeyering_test-u16-asnprintf1.c
JulienBoeuf_string_test.c
JimMeyering_u32-strcoll.c
RémyLéone_hal_lcd_fonts.c
darkraven_Elegant_Diamond.c
JimMeyering_u32-casexfrm.c
Konrad127123_Magic_Trick.c
caf_BFFs.c
zeosutt_Revenge_of_the_Pancakes.c
JimMeyering_test-mbscasestr3.c
JimMeyering_locale-language.c
ali.farzanrad_Parenting_Partnering.c
hychen_Standing_Ovation.c
BrunoHaible_wcscmp.c
yshuiv7_Full_Binary_Tree.c
HenryW_Ugly_Numbers.c
JimMeyering_test-u32-mbtouc-unsafe.c
chiguri_Logging.c
JimMeyering_u8-stpncpy.c
tgoulart_Your_Rank_is_Pure.c
BrunoHaible_acosl.c
stubbscroll_Make_it_Smooth.c
OliverSchmidt_mtarch.c
JimMeyering_test-getndelim2.c
JimMeyering_mkstemp-safer.c
hobermallow_Revenge_of_the_Pancakes.c
darkraven_Bot_Trust.c
JimMeyering_filevercmp.c
JimMeyering_test-calloc-gnu.c
zBard_The_Killer_Word.c
hychen_Logging.c
Hiroshi_Multi-base_happiness.c
JimMeyering_test-sha1.c
BenoîtThébaudeau_noncoresec.c
LevinLMKwong_Haircut.c
dave.t_Getting_the_Digits.c
yshuiv7_Deceitful_War.c
DeomidRyabkov_atcacert_der.c
JimMeyering_u32-strtok.c
Vitaliy_Data_Packing.c
stubbscroll_Alien_Language.c
chiguri_Speaking_in_Tongues.c
htamas_Magicka.c
kawatea_Candy_Splitting.c
pychen_Candy_Splitting.c
DeomidRyabkov_autoip.c
BenoîtThébaudeau_ecb.c
Eeyore_Revenge_of_the_Hot_Dogs.c
JimMeyering_test-fwritable.c
alsoba_Counting_Sheep.c
CraigTiller_timer_list_test.c
JimMeyering_test-u32-nfkc.c
IanMartin_slip-arch.c
stubbscroll_Crossing_the_Road.c
ditsing_Bot_Trust.c
JimMeyering_exitfail.c
JimMeyering_roundl.c
BrunoHaible_wmemset.c
stubbscroll_Theme_Park.c
goober_Hall_of_Mirrors.c
pratyay_Revenge_of_the_Hot_Dogs.c
DmitryFrank_startup_ccs.c
CraigTiller_shadow.c
Berry_Speaking_in_Tongues.c
chuckl0416_Infinite_House_of_Pancakes.c
JimMeyering_test-u8-stpcpy.c
JimMeyering_test-iconvme.c
stefanopascali_httpd-fsdata.c
sao3_Text_Messaging_Outrage.c
yangzhe1990_World_Cup_2010.c
BrunoHaible_ioctl.c
JimMeyering_ulc-common.c
yey177_Cookie_Clicker_Alpha.c
s.max_Speaking_in_Tongues.c
chuckl0416_Enclosure.c
JimMeyering_strchrnul.c
bkoropoff_genaliases2.c
chiguri_Dancing_With_the_Googlers.c
rali_full_ipadr.c
Vitaliy_Recycled_Numbers.c
yangzhe1990_Picking_Up_Chicks.c
stefanopascali_cfs-coffee-arch.c
alan790712_Out_of_Gas.c
Ullyses_Revenge_of_the_Pancakes.c
ketpdpoe_Reordering_Train_Cars.c
BrunoHaible_test-mbrtowc-w32.c
Backspe_Infinite_House_of_Pancakes.c
JimMeyering_test-isnand.c
AdamDunkels_ihx2bin.c
yemelitc_Close_Match.c
RodrigoBurgos_Cheating_a_Boolean_Tree.c
nzqrc_Ratatouille.c
alsoba_Deceitful_War.c
darkraven_Speaking_in_Tongues.c
Konrad127123_Lawnmower.c
JimMeyering_u8-sprintf.c
fqq11679_Multi-base_happiness.c
stubbscroll_Cookie_Clicker_Alpha.c
Backspe_Counting_Sheep.c
YuchenZeng_string_windows.c
alan790712_GoroSort.c
JimMeyering_test-u16-normcoll.c
Smithers_Crossing_the_Road.c
Vitaliy_Dancing_With_the_Googlers.c
JimMeyering_test-idpriv-drop.c
JimMeyering_test-closein.c
Hirakendu_Candy_Splitting.c
JimMeyering_u32-u32-asnprintf.c
CraigTiller_gen_hpack_tables.c
JimMeyering_u8-printf-parse.c
JimMeyering_u16-cmp2.c
hychen_Password_Problem.c
LayCurse_Airport_Walkways.c
kawatea_Square_Tiles.c
BrunoHaible_freadptr.c
Berry_Lawnmower.c
caf_Speaking_in_Tongues.c
JimMeyering_ino-map.c
stubbscroll_Oversized_Pancake_Flipper.c
JimMeyering_test-search.c
courtesy_Osmos.c
SimonDuquennoy_petsciiconv.c
rali_LPdir_wince.c
JimMeyering_test-decomposing-form.c
JimMeyering_mkdtemp.c
Backspe_Technobabble.c
CORPkstemen_cmac_prf.c
JimMeyering_filenamecat-lgpl.c
Ullyses_Rank_and_File.c
PaulEggert_dtoastr.c
boboo_Center_of_Mass.c
PaulEggert_allocator.c
bkoropoff_setproctitle.c
DaniJVaz_World_Cup_2010.c
JimMeyering_u32-u32-snprintf.c
wxqy_Decision_Tree.c
NGG_GoroSort.c
YuchenZeng_tmpfile_windows.c
JensDede_uart0-putchar.c
JimMeyering_test-u8-strncat.c
Vitaliy_Treasure.c
LayCurse_Hall_of_Mirrors.c
alan790712_Kingdom_Rush.c
LayCurse_Alien_Language.c
JimMeyering_u16-set.c
JimMeyering_test-md2.c
goober_Making_Chess_Boards.c
JimMeyering_grantpt.c
BrunoHaible_u8-strstr.c
JimMeyering_c-strtod.c
JimMeyering_test-u32-strconv-from-enc.c
JimMeyering_test-u32-strconv-to-enc.c
AntonioLignan_antenna-sw.c
eduardische_Stock_Charts.c
BrunoHaible_xstrtoull.c
CraigTiller_workqueue_uv.c
JimMeyering_u8-strdup.c
LayCurse_Magicka.c
AdamDunkels_print-stats.c
JimMeyering_u32-asprintf.c
hobermallow_The_Last_Word.c
JimMeyering_u16-casecoll.c
MarianoAlvira_uart1.c
ksb_dbg-puts.c
sdchikorde_Coin_Jam.c
yey177_New_Lottery_Game.c
EricBlake_pipe2.c
JimMeyering_rename.c
JimMeyering_argp-pin.c
rickxu_Multi-base_happiness.c
Tjandra_The_Repeater.c
JimMeyering_raise.c
DeomidRyabkov_stm32_mgos_main.c
DeomidRyabkov_hal_linux_timer.c
JimMeyering_test-u32-wordbreaks.c
JimMeyering_ulc-grapheme-breaks.c
stubbscroll_The_Bored_Traveling_Salesman.c
hychen_Minesweeper_Master.c
IanMartin_uart0.c
eduardische_Mystery_Square.c
JimMeyering_test-parse-duration.c
qxect_Hall_of_Mirrors.c
tatuyan_Fashion_Show.c
PereTuset_antenna.c
chuckl0416_Deceitful_War.c
tiagomt_Minimum_Scalar_Product.c
ketpdpoe_Minesweeper_Master.c
JimMeyering_isdir.c
gleiz_Picking_Up_Chicks.c
JimMeyering_test-u32-is-titlecase.c
BrunoHaible_test-digit.c
akdee_Getting_the_Digits.c
DeomidRyabkov_esp_config.c
JimMeyering_test-u8-strcoll.c
JimMeyering_u16-normcoll.c
JimMeyering_test-yesno.c
JimMeyering_quote.c
Greggypoo_Numbers.c
hychen_Full_Binary_Tree.c
pratyay_GoroSort.c
DavidGarcia_version.c
CraigTiller_pollset_set_windows.c
BrunoHaible_test-spawn-pipe-child.c
ia0_Haircut.c
alsoba_Cookie_Clicker_Alpha.c
daybreakcx_Stable_Neigh-bors.c
Bounciness_Bot_Trust.c
JimMeyering_strncasecmp.c
JimMeyering_dprintf.c
MarianoAlvira_printf.c
JimMeyering_u32-casefold.c
Smithers_Multi-base_happiness.c
LayCurse_Juice.c
JimMeyering_test-u8-cpy.c
DeomidRyabkov_netio.c
xylo_Tidy_Numbers.c
BrunoHaible_test-bidi_name.c
bkoropoff_raise.c
PaulEggert_xstrtold.c
JimMeyering_test-sys_time.c
BrunoHaible_test-joininggroup_byname.c
BrunoHaible_test-u16-strstr.c
lbackstrom_Rotate.c
rseto_strlcpy.c
PaulEggert_ftoastr.c
JimMeyering_timegm.c
AdamDunkels_sp-puts.c
stubbscroll_Fashion_Show.c
chuckl0416_Standing_Ovation.c
mouser_Welcome_to_Code_Jam.c
tiagomt_Train_Timetable.c
JimMeyering_stpncpy.c
AdamDunkels_test-printf.c
JimMeyering_u16-u16-vasprintf.c
GeorgeOikonomou_watchdog.c
AdamDunkels_uart1-putchar.c
Hiroshi_Snapper_Chain.c
lbackstrom_Theme_Park.c
chiguri_Typewriter_Monkey.c
sdchikorde_Revenge_of_the_Pancakes.c
daybreakcx_Oversized_Pancake_Flipper.c
bkoropoff_showdb.c
Eeyore_Magicka.c
bkoropoff_iconv_no_i18n.c
BrunoHaible_xstrtoll.c
Cyker_GoroSort.c
AntonioLignan_uart0.c
JimMeyering_strcasecmp.c
RobertOlsson_adc.c
EricBlake_sig2str.c
JimMeyering_hash-triple.c
JimMeyering_test-safe-alloc.c
BrunoHaible_test-bidi_byname.c
Konrad127123_Reordering_Train_Cars.c
Tjandra_Technobabble.c
ditsing_Magicka.c
SreeKuchibhotla_h2_full+pipe.c
Hearson_Collecting_Cards.c
JimMeyering_mbstok_r.c
JimMeyering_u32-strcpy.c
JimMeyering_xmemdup0.c
JonasOlsson_putchar.c
eduardische_Bacteria.c
PetrosN_BFFs.c
qxect_Tide_Goes_In_Tide_Goes_Out.c
qxect_Dancing_With_the_Googlers.c
BrunoHaible_test-joiningtype_byname.c
Yao_Your_Rank_is_Pure.c
darkraven_Snapper_Chain.c
yey177_Falling_Diamonds.c
JimMeyering_hard-locale.c
Tjandra_Full_Binary_Tree.c
JimMeyering_test-sys_utsname.c
AndreasDröscher_syscalls.c
hedonist_Tide_Goes_In_Tide_Goes_Out.c
JimMeyering_test-truncf-ieee.c
bkoropoff_dcethread_send.c
M.Hafez_Coin_Jam.c
Yao_Equal_Sums.c
pychen_Revenge_of_the_Hot_Dogs.c
MarianoAlvira_gpio.c
ksb_uip-log.c
JimMeyering_test-u16-strcoll.c
nzqrc_Tidy_Numbers.c
htamas_Bot_Trust.c
daybreakcx_BFFs.c
BenoîtThébaudeau_nvic.c
tgoulart_Crossing_the_Road.c
sgtlaugh_Counting_Sheep.c
goober_Dancing_With_the_Googlers.c
chiguri_Haircut.c
eduardische_RPI.c
JimMeyering_readlinkat.c
AdamDunkels_symtab.c
MarcoGrella_uart.c
CraigTiller_tcp_server_posix.c
akdee_Close_Match.c
BrunoHaible_careadlinkat.c
JimMeyering_read-file.c
gleiz_Equal_Sums.c
ditsing_Candy_Splitting.c
DeomidRyabkov_mg_lwip_net_if.c
JimMeyering_u16-normcmp.c
darkraven_FreeCell_Statistics.c
peterpan_Theme_Park.c
EnricoJoerns_arg.c
CraigTiller_openssl-alpn.c
Backspe_Hiking_Deer.c
LarsSchmertmann_res-light.c
JanTattermusch_resolve_address_uv.c
goober_Out_of_Gas.c
Noble.Mushtak_Fresh_Chocolate.c
daybreakcx_Magicka.c
caf_Password_Problem.c
AdamDunkels_cc2420-arch.c
dahlukeh_Fair_and_Square.c
yshuiv7_The_Repeater.c
yey177_The_Bored_Traveling_Salesman.c
pychen_Square_Tiles.c
BrunoHaible_rpathy.c
JimMeyering_u8-normalize.c
JimMeyering_test-u32-grapheme-prev.c
LayCurse_Milkshakes.c
JimMeyering_test-u16-cmp2.c
supremeedible_Cookie_Clicker_Alpha.c
JimMeyering_ulc-printf-parse.c
JimMeyering_fileblocks.c
yemelitc_Rank_and_File.c
daybreakcx_Close_Match.c
JimMeyering_mkdir-p.c
darkraven_GoroSort.c
JimMeyering_u16-u16-vsprintf.c
s.max_Cruise_Control.c
JimMeyering_xreadlinkat.c
darkraven_Safety_in_Numbers.c
MichaelLeMay_newlib-syscalls.c
JimMeyering_selinux-at.c
ksb_dbg-putchar.c
JimMeyering_test-u16-is-cased.c
MarianoAlvira_mc1322x-load.c
SimonJosefsson_base64.c
JimMeyering_sha1.c
nzqrc_Bathroom_Stalls.c
JimMeyering_u32-casemap.c
rali_osconfig.c
BrunoHaible_test-isinf.c
JimMeyering_mkostemps.c
JimMeyering_u8-strncpy.c
JimMeyering_test-fprintf-posix2.c
BrunoHaible_test-decdigit.c
RobertOlsson_bme280.c
Konrad127123_Falling_Diamonds.c
AdamDunkels_linuxradio-drv.c
JimMeyering_test-netinet_in.c
DeomidRyabkov_wince_libc.c
SimonDuquennoy_tsch-rpl.c
JimMeyering_strpbrk.c
trainsick_Tic-Tac-Toe-Tomek.c
AdamDunkels_http-user-agent-string.c
JimMeyering_u8-strlen.c
CORPkstemen_rpc_commondata.c
JimMeyering_idpriv-droptemp.c
CraigTiller_ev_epollsig_linux_test.c
bkoropoff_memmove.c
kawatea_Aerobics.c
Tjandra_Deceitful_War.c
Vitaliy_Revenge_of_the_Hot_Dogs.c
akdee_Fractiles.c
kawatea_FreeCell_Statistics.c
tgoulart_Snapper_Chain.c
DeomidRyabkov_mg_lwip_ssl_if.c
JimMeyering_u8-prefix-context.c
BrunoHaible_test-combiningclass_name.c
stubbscroll_Technobabble.c
JimMeyering_u16-u16-asnprintf.c
goober_GoroSort.c
Vitaliy_Irregular_Cakes.c
JimMeyering_u32-asnprintf.c
kingbird_Speaking_in_Tongues.c
JimMeyering_mbrtowc.c
BrunoHaible_test-joininggroup_name.c
stubbscroll_World_Cup_2010.c
JimMeyering_test-argv-iter.c
alan790712_Candy_Splitting.c
DeomidRyabkov_test_atcacert_der_length_runner.c
JimMeyering_test-u8-chr.c
darkraven_Candy_Splitting.c
YuxuanLi_memory_usage_test.c
zeosutt_Magic_Trick.c
JimMeyering_u8-ct-casefold.c
AdamDunkels_test-scanf.c
BrunoHaible_wmemchr.c
LayCurse_Portal.c
BrunoHaible_test-sys_types.c
LayCurse_A_Digging_Problem.c
JimMeyering_readtokens0.c
Hiroshi_Decision_Tree.c
daybreakcx_Candy_Splitting.c
YuchenZeng_log_windows.c
JimMeyering_test-u32-nfkd.c
BrunoHaible_float.c
Yao_Safety_in_Numbers.c
float_Bot_Trust.c
JimMeyering_hmac-md5.c
Tjandra_Counting_Sheep.c
JimMeyering_random_r.c
SergeyLyubka_cc3200_pwm.c
rali_strlcpy.c
eduardische_World_Cup_2010.c
JimMeyering_test-xstrtoull.c
sgtlaugh_Rather_Perplexing_Showdown.c
JimMeyering_u32-strdup.c
gleiz_Password_Problem.c
JimMeyering_test-pipe-filter-gi2-child.c
BenoîtThébaudeau_aes.c
trainsick_Magic_Trick.c
bkoropoff_uilibmain.c
JimMeyering_isnanl.c
chiguri_Infinite_House_of_Pancakes.c
LayCurse_Dancing_With_the_Googlers.c
JimMeyering_test-isnanf-nolibm.c
Smithers_Making_Chess_Boards.c
darkraven_Number_Game.c
BenoîtThébaudeau_soc.c
CraigTiller_murmur_hash.c
alsoba_Standing_Ovation.c
JimMeyering_getdtablesize.c
Hirakendu_The_Killer_Word.c
JimMeyering_sprintf.c
SimonDuquennoy_slip-uart1.c
JimMeyering_xfreopen.c
stubbscroll_Dancing_With_the_Googlers.c
CraigTiller_murmur_hash_test.c
DeomidRyabkov_sl_fs_slfs.c
JimMeyering_test-u16-conv-from-enc.c
Baiger_Saving_the_Universe.c
LayCurse_Speaking_in_Tongues.c
AntonioLignan_tmp102.c
SimonDuquennoy_frame802154e-ie.c
mouser_Watersheds.c
LayCurse_Make_it_Smooth.c
JimMeyering_nfc.c
ketpdpoe_Cookie_Clicker_Alpha.c
bkoropoff_amigaos.c
PabloCorbalan_res-battery.c
alan790712_RPI.c
JimMeyering_u16-cpy-alloc.c
BrunoHaible_wcswidth.c
MarianoAlvira_asm.c
daybreakcx_Recycled_Numbers.c
Cyker_RPI.c
goober_Theme_Park.c
LevinLMKwong_Standing_Ovation.c
yemelitc_BFFs.c
htamas_The_Killer_Word.c
alan790712_Lawnmower.c
kenichi.t_Safety_in_Numbers.c
alan790712_Garbled_Email.c
AdamDunkels_cc2520-arch.c
BrunoHaible_test-sy_c_ident.c
JimMeyering_u16-stpncpy.c
s.max_Kingdom_Rush.c
JimMeyering_test-u8-normcoll.c
BenoîtThébaudeau_dbg.c
caf_The_Last_Word.c
JimMeyering_tocasefold.c
chuckl0416_Full_Binary_Tree.c
stubbscroll_FreeCell_Statistics.c
BrainSteel_Ratatouille.c
stubbscroll_Fractiles.c
JimMeyering_getdelim.c
JimMeyering_dirname.c
PaulEggert_test-base64.c
EnricoJoerns_slip-arch.c
Vitaliy_Tide_Goes_In_Tide_Goes_Out.c
JimMeyering_u8-mbtouc-aux.c
Tjandra_Proper_Shuffle.c
JimMeyering_ceill.c
BrunoHaible_test-iswblank.c
ditsing_Square_Tiles.c
Hearson_Welcome_to_Code_Jam.c
dahlukeh_GoroSort.c
DavidKopf_spi.c
EricBlake_test-xstrtoul.c
xylo_Alphabet_Cake.c
Hearson_Crossing_the_Road.c
chuckl0416_Pegman.c
Backspe_Fractiles.c
JimMeyering_diacrit.c
JimMeyering_test-mbsstr3.c
CraigTiller_empty.c
AdamDunkels_libconio.c
pychen_Bot_Trust.c
bkoropoff_locale_charset.c
JimMeyering_test-u16-cpy.c
eduardische_GoroSort.c
Hirakendu_RPI.c
chiguri_Good_Luck.c
chiguri_Kingdom_Rush.c
ditsing_GoroSort.c
JimMeyering_test-localename.c
lbackstrom_Number_Game.c
ali.farzanrad_Core_Training.c
darkraven_Make_it_Smooth.c
peterpan_File_Fix-it.c
JimMeyering_u16-normalize.c
kenichi.t_Equal_Sums.c
YasuyukiTanaka_ringbufindex.c
JimMeyering_u8-cmp2.c
BenoîtThébaudeau_syscall.c
JimMeyering_u16-startswith.c
JimMeyering_u32-move.c
BrunoHaible_wcsncmp.c
stubbscroll_Pony_Express.c
ia0_Logging.c
DmitryFrank_mcp9808.c
fro11o_Tic-Tac-Toe-Tomek.c
ia0_Infinite_House_of_Pancakes.c
alan790712_Manage_your_Energy.c
JimMeyering_fsync.c
stubbscroll_Bullseye.c
KennyKwok_Welcome_to_Code_Jam.c
IanMartin_contiki-uart.c
ali.farzanrad_Stable_Neigh-bors.c
getting whitespace features...
pratyay_RPI.c... finished
JimMeyering_u8-conv-from-enc.c... finished
MarianoAlvira_u1u2-loopback.c... finished
MarianoAlvira_rtc.c... finished
M.Hafez_BFFs.c... finished
JimMeyering_safe-read.c... finished
DeomidRyabkov_netifapi.c... finished
eduardische_Rotate.c... finished
JimMeyering_test-freadable.c... finished
JimMeyering_test-u32-width-linebreaks.c... finished
chiguri_Deceitful_War.c... finished
bkoropoff_opensock.c... finished
Berry_Kingdom_Rush.c... finished
BrunoHaible_test-fprintf-posix3.c... finished
JimMeyering_test-priv-set.c... finished
s.max_Dancing_With_the_Googlers.c... finished
chuckl0416_Cookie_Clicker_Alpha.c... finished
Konrad127123_Kiddie_Pool.c... finished
LastLeaf_Recycled_Numbers.c... finished
alan790712_Tide_Goes_In_Tide_Goes_Out.c... finished
Ullyses_Senate_Evacuation.c... finished
JimMeyering_mpsort.c... finished
JimMeyering_test-u32-strchr.c... finished
HenryW_Ugly_Numbers.c... finished
JimMeyering_test-u32-mbtouc-unsafe.c... finished
chiguri_Logging.c... finished
JimMeyering_u8-stpncpy.c... finished
tgoulart_Your_Rank_is_Pure.c... finished
BrunoHaible_acosl.c... finished
stubbscroll_Make_it_Smooth.c... finished
OliverSchmidt_mtarch.c... finished
JimMeyering_test-getndelim2.c... finished
JimMeyering_mkstemp-safer.c... finished
hobermallow_Revenge_of_the_Pancakes.c... finished
darkraven_Bot_Trust.c... finished
JimMeyering_filevercmp.c... finished
JimMeyering_test-calloc-gnu.c... finished
zBard_The_Killer_Word.c... finished
hychen_Logging.c... finished
Hiroshi_Multi-base_happiness.c... finished
JimMeyering_test-sha1.c... finished
BenoîtThébaudeau_noncoresec.c... finished
LevinLMKwong_Haircut.c... finished
dave.t_Getting_the_Digits.c... finished
yshuiv7_Deceitful_War.c... finished
DeomidRyabkov_atcacert_der.c... finished
boboo_Center_of_Mass.c... finished
PaulEggert_allocator.c... finished
bkoropoff_setproctitle.c... finished
DaniJVaz_World_Cup_2010.c... finished
JimMeyering_u32-u32-snprintf.c... finished
wxqy_Decision_Tree.c... finished
NGG_GoroSort.c... finished
YuchenZeng_tmpfile_windows.c... finished
JensDede_uart0-putchar.c... finished
JimMeyering_test-u8-strncat.c... finished
Vitaliy_Treasure.c... finished
LayCurse_Hall_of_Mirrors.c... finished
alan790712_Kingdom_Rush.c... finished
LayCurse_Alien_Language.c... finished
JimMeyering_u16-set.c... finished
JimMeyering_test-md2.c... finished
goober_Making_Chess_Boards.c... finished
JimMeyering_grantpt.c... finished
BrunoHaible_u8-strstr.c... finished
JimMeyering_c-strtod.c... finished
JimMeyering_test-u32-strconv-from-enc.c... finished
JimMeyering_test-u32-strconv-to-enc.c... finished
AntonioLignan_antenna-sw.c... finished
stubbscroll_The_Bored_Traveling_Salesman.c... finished
hychen_Minesweeper_Master.c... finished
IanMartin_uart0.c... finished
eduardische_Mystery_Square.c... finished
JimMeyering_test-parse-duration.c... finished
qxect_Hall_of_Mirrors.c... finished
tatuyan_Fashion_Show.c... finished
PereTuset_antenna.c... finished
chuckl0416_Deceitful_War.c... finished
tiagomt_Minimum_Scalar_Product.c... finished
ketpdpoe_Minesweeper_Master.c... finished
JimMeyering_isdir.c... finished
gleiz_Picking_Up_Chicks.c... finished
JimMeyering_test-u32-is-titlecase.c... finished
BrunoHaible_test-digit.c... finished
akdee_Getting_the_Digits.c... finished
DeomidRyabkov_esp_config.c... finished
JimMeyering_test-u8-strcoll.c... finished
JimMeyering_u16-normcoll.c... finished
JimMeyering_test-yesno.c... finished
JimMeyering_quote.c... finished
Greggypoo_Numbers.c... finished
hychen_Full_Binary_Tree.c... finished
lbackstrom_Rotate.c... finished
rseto_strlcpy.c... finished
PaulEggert_ftoastr.c... finished
JimMeyering_timegm.c... finished
AdamDunkels_sp-puts.c... finished
stubbscroll_Fashion_Show.c... finished
chuckl0416_Standing_Ovation.c... finished
mouser_Welcome_to_Code_Jam.c... finished
tiagomt_Train_Timetable.c... finished
JimMeyering_stpncpy.c... finished
AdamDunkels_test-printf.c... finished
JimMeyering_u16-u16-vasprintf.c... finished
GeorgeOikonomou_watchdog.c... finished
AdamDunkels_uart1-putchar.c... finished
Hiroshi_Snapper_Chain.c... finished
JimMeyering_test-mbschr.c... finished
hedonist_Cruise_Control.c... finished
JimMeyering_cond.c... finished
Vitaliy_Erdős–Szekeres.c... finished
s.max_Recycled_Numbers.c... finished
JimMeyering_test-vasnprintf-posix2.c... finished
chiguri_Less_Money_More_Problems.c... finished
goober_Numbers.c... finished
BrunoHaible_test-sy_java_ident.c... finished
eduardische_Crazy_Rows.c... finished
DmitryFrank_app.c... finished
wxqy_Collecting_Cards.c... finished
sdchikorde_BFFs.c... finished
yangzhe1990_Snapper_Chain.c... finished
stubbscroll_Treasure.c... finished
kingbird_Safety_in_Numbers.c... finished
JimMeyering_test-ceilf2.c... finished
bkoropoff_signal.c... finished
darkraven_Tide_Goes_In_Tide_Goes_Out.c... finished
JimMeyering_test-iconv-h.c... finished
JimMeyering_imaxabs.c... finished
Vitaliy_Deceitful_War.c... finished
AdamDunkels_node-id.c... finished
JimMeyering_u32-strtok.c... finished
Vitaliy_Data_Packing.c... finished
stubbscroll_Alien_Language.c... finished
chiguri_Speaking_in_Tongues.c... finished
htamas_Magicka.c... finished
kawatea_Candy_Splitting.c... finished
pychen_Candy_Splitting.c... finished
DeomidRyabkov_autoip.c... finished
BenoîtThébaudeau_ecb.c... finished
Eeyore_Revenge_of_the_Hot_Dogs.c... finished
JimMeyering_test-fwritable.c... finished
alsoba_Counting_Sheep.c... finished
CraigTiller_timer_list_test.c... finished
JimMeyering_test-u32-nfkc.c... finished
IanMartin_slip-arch.c... finished
stubbscroll_Crossing_the_Road.c... finished
ditsing_Bot_Trust.c... finished
JimMeyering_exitfail.c... finished
JimMeyering_roundl.c... finished
BrunoHaible_wmemset.c... finished
stubbscroll_Theme_Park.c... finished
goober_Hall_of_Mirrors.c... finished
pratyay_Revenge_of_the_Hot_Dogs.c... finished
darkraven_Snapper_Chain.c... finished
yey177_Falling_Diamonds.c... finished
JimMeyering_hard-locale.c... finished
Tjandra_Full_Binary_Tree.c... finished
JimMeyering_test-sys_utsname.c... finished
AndreasDröscher_syscalls.c... finished
hedonist_Tide_Goes_In_Tide_Goes_Out.c... finished
JimMeyering_test-truncf-ieee.c... finished
bkoropoff_dcethread_send.c... finished
M.Hafez_Coin_Jam.c... finished
Yao_Equal_Sums.c... finished
pychen_Revenge_of_the_Hot_Dogs.c... finished
MarianoAlvira_gpio.c... finished
ksb_uip-log.c... finished
JimMeyering_test-u16-strcoll.c... finished
nzqrc_Tidy_Numbers.c... finished
htamas_Bot_Trust.c... finished
daybreakcx_BFFs.c... finished
BenoîtThébaudeau_nvic.c... finished
tgoulart_Crossing_the_Road.c... finished
sgtlaugh_Counting_Sheep.c... finished
goober_Dancing_With_the_Googlers.c... finished
chiguri_Haircut.c... finished
AdamDunkels_cc2420-arch.c... finished
dahlukeh_Fair_and_Square.c... finished
yshuiv7_The_Repeater.c... finished
yey177_The_Bored_Traveling_Salesman.c... finished
pychen_Square_Tiles.c... finished
BrunoHaible_rpathy.c... finished
JimMeyering_u8-normalize.c... finished
JimMeyering_test-u32-grapheme-prev.c... finished
LayCurse_Milkshakes.c... finished
JimMeyering_test-u16-cmp2.c... finished
supremeedible_Cookie_Clicker_Alpha.c... finished
JimMeyering_ulc-printf-parse.c... finished
JimMeyering_fileblocks.c... finished
yemelitc_Rank_and_File.c... finished
daybreakcx_Close_Match.c... finished
JimMeyering_mkdir-p.c... finished
darkraven_GoroSort.c... finished
JimMeyering_u16-u16-vsprintf.c... finished
s.max_Cruise_Control.c... finished
JimMeyering_xreadlinkat.c... finished
darkraven_Safety_in_Numbers.c... finished
MichaelLeMay_newlib-syscalls.c... finished
JimMeyering_selinux-at.c... finished
alan790712_Candy_Splitting.c... finished
DeomidRyabkov_test_atcacert_der_length_runner.c... finished
JimMeyering_test-u8-chr.c... finished
darkraven_Candy_Splitting.c... finished
YuxuanLi_memory_usage_test.c... finished
zeosutt_Magic_Trick.c... finished
JimMeyering_u8-ct-casefold.c... finished
AdamDunkels_test-scanf.c... finished
BrunoHaible_wmemchr.c... finished
LayCurse_Portal.c... finished
BrunoHaible_test-sys_types.c... finished
LayCurse_A_Digging_Problem.c... finished
JimMeyering_readtokens0.c... finished
Hiroshi_Decision_Tree.c... finished
daybreakcx_Candy_Splitting.c... finished
Yulbackstrom_Theme_Park.c... finished
chiguri_Typewriter_Monkey.c... finished
sdchikorde_Revenge_of_the_Pancakes.c... finished
daybreakcx_Oversized_Pancake_Flipper.c... finished
bkoropoff_showdb.c... finished
Eeyore_Magicka.c... finished
bkoropoff_iconv_no_i18n.c... finished
BrunoHaible_xstrtoll.c... finished
Cyker_GoroSort.c... finished
AntonioLignan_uardata: 4475 by 4768
dowhile*toupper      0.0659948684157     
typedef*isupper      0.0554748055991     
variable names*percent empty lines 0.052934496297      
dowhile*fscanf       0.0527192400951     
dowhile*isspace      0.0523040440405     
variable names*s6    0.0438716745938     
typedef*islower      0.0426861795613     
typedef*isdigit      0.0414899721974     
variable names*avg line length 0.0405114335812     
variable names*jaccard 0.0158204444079     
variable names*variable names 0.0153448903777     
casing*sprintf       0.0137569660413     
jaccard*s4           0.0110354033134     
jaccard*s6           0.0100711301615     
dowhile*strcmp       0.0100257745588     
variable names*strcat 0.00993570242235    
assert*malloc        0.00948090924345    
typedef*isalnum      0.00907724611795    
variable names*typedef 0.0089515673241     
casing*while         0.00885821950615    
while*strtol         0.00851853783978    
atof*strncpy         0.00802617795445    
while*for            0.00797002427281    
assert*errno         0.00767610108804    
dowhile*strncpy      0.00743413596623    
atof*atoi            0.00723849929784    
atof*isalnum         0.00718336146316    
assert*calloc        0.00716684396844    
casing*dowhile       0.00694588641633    
s4*strlen            0.00634267457513    
variable names*for   0.00620075003471    
dowhile*case         0.00618573477723    
typedef*isalpha      0.00599418727958    
dowhile*strcat       0.00599223913611    
getchar*realloc      0.00579099072527    
atof*strtoll         0.00575384063839    
assert*islower       0.0057418198749     
casing*puts          0.00544958798506    
s6*memcmp            0.00536243680743    
variable names*powl  0.00532328324601    
atof*strerror        0.00523147804704    
casing*variable names 0.00517348960963    
atof*read            0.00517097113703    
dowhile*isdigit      0.00509535347465    
jaccard*getline      0.00477258882391    
casing*fclose        0.00454125023836    
jaccard*sscanf       0.00451560143628    
casing*casing        0.00450939547226    
casing*printf        0.00442107031877    
atof*sqrt            0.00437232994834    
s4*sprintf           0.00424088619456    
s6*memcpy            0.00420654640396    
atof*free            0.00415523531005    
assert*isupper       0.00406314318574    
typedef*toupper      0.00392922733733    
getchar*qsort        0.00389794181021    
casing*getc          0.00384650072442    
variable names*while 0.00383495635839    
casing*jaccard       0.00359533877184    
s4*calloc            0.00356256952234    
s4*strchr            0.00350853054246    
assert*pow           0.00335517403965    
s4*time              0.00333464529857    
s4*malloc            0.00301051363948    
casing*s6            0.00286745112192    
jaccard*variable names 0.00228410477302    
while*bzero          0.00194062199969    
dowhile*isalnum      0.00175718126584    
sqrt*srand           0.00168072678572    
variable names*ternary 0.00163049030228    
dowhile*read         0.00157084561987    
typedef*errno        0.00148399960654    
atof*isdigit         0.00146479956888    
putchar*tolower      0.00141276509311    
for*time             0.00138787733555    
variable names*strcpy 0.00138374819149    
putchar*strcmp       0.00137009704622    
dowhile*assert       0.00131630779123    
putchar*errno        0.00127914844768    
sqrt*s6              0.0012724349149     
atol*while           0.00125809289158    
pow*scanf            0.00112239567849    
pow*isalnum          0.00111204000388    
pow*fscanf           0.00110785452848    
jaccard*pow          0.00110383222075    
variable names*fopen 0.00110213325625    
casing*typedef       0.00109097641807    
sscanf*memcpy        0.00108943235042    
for*sqrt             0.00108498863787    
for*toupper          0.00108361308236    
casing*scanf         0.00107987346014    
getchar*abs          0.00107947659124    
variable names*fgetc 0.00104941947982    
strcpy*getc          0.00103723921882    
atof*malloc          0.00101711812222    
errno*strchr         0.00101694820531    
assert*time          0.00100885239549    
pow*isspace          0.00100599168092    
pow*strcat           0.000991621564991   
dowhile*fgetc        0.000983584042058   
[[2334  351]
 [ 421 1369]]
precision: 0.847186932849
recall: 0.869273743017
fscore: 0.858088235294
transformed prec: 0.8378477306
transformed recall: 0.85251396648
transformed fscore: 0.845117223555
